<testsuites id="" name="" tests="19" failures="0" skipped="0" errors="0" time="76.18637">
<testsuite name="workflows/ai-workflow.spec.ts" timestamp="2025-06-09T13:09:51.167Z" hostname="chromium" tests="5" failures="0" skipped="0" time="21.958" errors="0">
<testcase name="AI Workflow E2E Tests › 🤖 Complete AI Chat Workflow - Natural Language to Actions" classname="workflows/ai-workflow.spec.ts" time="1.27">
<system-out>
<![CDATA[🔐 Using existing test user: e2e-test@motionmingle.com
🔐 Login attempt 1...
Current URL: about:blank
📱 Sign-in page loaded successfully
🔄 Redirected to dashboard, waiting for content...
✅ Login successful (detected via: primary)
Final URL after login: http://localhost:8081/
🤖 Testing complete AI workflow...
📋 Navigating to Tasks...
✅ Tasks page loaded
📝 Testing AI task creation...
🤖 Sending AI message: Create a task to implement user authentication with deadline next Friday
📁 Testing AI project breakdown...
🤖 Sending AI message: Break down a mobile app development project into detailed tasks
🧠 Testing AI context understanding...
🤖 Sending AI message: What tasks do I have for today?
📚 Testing AI learning capabilities...
🤖 Sending AI message: Create a task for testing the new feature
✅ Found chat interface with selector: textarea:last-of-type
✅ Found chat interface with selector: textarea:last-of-type
✅ Found chat interface with selector: textarea:last-of-type
✅ Found chat interface with selector: textarea:last-of-type
⚠️ Could not send AI message: locator.fill: Test ended.
Call log:
[2m  - waiting for locator('textarea:last-of-type').first()[22m
[2m    - locator resolved to <textarea data-headlessui-state="" id="headlessui-textarea-P0-0" placeholder="What do you want to change? (Ctrl+Alt+C)" class="h-full w-full flex-1 resize-none bg-transparent text-zinc-950 transition-all duration-150 placeholder:text-zinc-950/50 focus:outline-none"></textarea>[22m
[2m    - fill("Create a task to implement user authentication with deadline next Friday")[22m
[2m  - attempting fill action[22m
[2m    - waiting for element to be visible, enabled and editable[22m

    at AIHelpers.sendMessage [90m(/Users/adannaveed/Desktop/FYP CODE/motionmingle/[39mtests/e2e/utils/test-helpers.ts:1220:23[90m)[39m
    at [90m/Users/adannaveed/Desktop/FYP CODE/motionmingle/[39mtests/e2e/workflows/ai-workflow.spec.ts:45:11 {
  [[32mSymbol(step)[39m]: {
    stepId: [32m'pw:api@82'[39m,
    location: {
      file: [32m'/Users/adannaveed/Desktop/FYP CODE/motionmingle/tests/e2e/utils/test-helpers.ts'[39m,
      line: [33m1220[39m,
      column: [33m23[39m,
      function: [32m'AIHelpers.sendMessage'[39m
    },
    category: [32m'pw:api'[39m,
    title: [32m'locator.fill(Create a task to implement user authentication with deadline next Friday)'[39m,
    apiName: [32m'locator.fill'[39m,
    params: {
      selector: [32m'textarea:last-of-type >> nth=0'[39m,
      value: [32m'Create a task to implement user authentication with deadline next Friday'[39m,
      strict: [33mtrue[39m
    },
    boxedStack: [90mundefined[39m,
    steps: [],
    attachmentIndices: [],
    info: TestStepInfoImpl {
      annotations: [],
      _testInfo: [36m[TestInfoImpl][39m,
      _stepId: [32m'pw:api@82'[39m
    },
    complete: [36m[Function: complete][39m,
    endWallTime: [33m1749474593427[39m,
    error: {
      message: [32m'Error: locator.fill: Test ended.\n'[39m +
        [32m'Call log:\n'[39m +
        [32m"\x1B[2m  - waiting for locator('textarea:last-of-type').first()\x1B[22m\n"[39m +
        [32m'\x1B[2m    - locator resolved to <textarea data-headlessui-state="" id="headlessui-textarea-P0-0" placeholder="What do you want to change? (Ctrl+Alt+C)" class="h-full w-full flex-1 resize-none bg-transparent text-zinc-950 transition-all duration-150 placeholder:text-zinc-950/50 focus:outline-none"></textarea>\x1B[22m\n'[39m +
        [32m'\x1B[2m    - fill("Create a task to implement user authentication with deadline next Friday")\x1B[22m\n'[39m +
        [32m'\x1B[2m  - attempting fill action\x1B[22m\n'[39m +
        [32m'\x1B[2m    - waiting for element to be visible, enabled and editable\x1B[22m\n'[39m,
      stack: [32m'Error: locator.fill: Test ended.\n'[39m +
        [32m'Call log:\n'[39m +
        [32m"\x1B[2m  - waiting for locator('textarea:last-of-type').first()\x1B[22m\n"[39m +
        [32m'\x1B[2m    - locator resolved to <textarea data-headlessui-state="" id="headlessui-textarea-P0-0" placeholder="What do you want to change? (Ctrl+Alt+C)" class="h-full w-full flex-1 resize-none bg-transparent text-zinc-950 transition-all duration-150 placeholder:text-zinc-950/50 focus:outline-none"></textarea>\x1B[22m\n'[39m +
        [32m'\x1B[2m    - fill("Create a task to implement user authentication with deadline next Friday")\x1B[22m\n'[39m +
        [32m'\x1B[2m  - attempting fill action\x1B[22m\n'[39m +
        [32m'\x1B[2m    - waiting for element to be visible, enabled and editable\x1B[22m\n'[39m +
        [32m'\n'[39m +
        [32m'    at AIHelpers.sendMessage (/Users/adannaveed/Desktop/FYP CODE/motionmingle/tests/e2e/utils/test-helpers.ts:1220:23)\n'[39m +
        [32m'    at /Users/adannaveed/Desktop/FYP CODE/motionmingle/tests/e2e/workflows/ai-workflow.spec.ts:45:11'[39m,
      cause: [90mundefined[39m
    }
  }
}
✅ AI message sent: "Create a task to implement user authentication with deadline next Friday"
🤖 Sending AI message: Break down a mobile app development project into detailed tasks
⚠️ Page context closed, cannot send AI message
✅ AI message sent: "Break down a mobile app development project into detailed tasks"
🤖 Sending AI message: What tasks do I have for today?
⚠️ Page context closed, cannot send AI message
✅ AI message sent: "What tasks do I have for today?"
🤖 Sending AI message: Create a task for testing the new feature
⚠️ Page context closed, cannot send AI message
✅ AI message sent: "Create a task for testing the new feature"
⚠️ Could not send AI message: locator.fill: Test ended.
Call log:
[2m  - waiting for locator('textarea:last-of-type').first()[22m
[2m    - locator resolved to <textarea data-headlessui-state="" id="headlessui-textarea-P0-0" placeholder="What do you want to change? (Ctrl+Alt+C)" class="h-full w-full flex-1 resize-none bg-transparent text-zinc-950 transition-all duration-150 placeholder:text-zinc-950/50 focus:outline-none"></textarea>[22m
[2m    - fill("Break down a mobile app development project into detailed tasks")[22m
[2m  - attempting fill action[22m
[2m    - waiting for element to be visible, enabled and editable[22m

    at AIHelpers.sendMessage [90m(/Users/adannaveed/Desktop/FYP CODE/motionmingle/[39mtests/e2e/utils/test-helpers.ts:1220:23[90m)[39m
    at [90m/Users/adannaveed/Desktop/FYP CODE/motionmingle/[39mtests/e2e/workflows/ai-workflow.spec.ts:58:9 {
  [[32mSymbol(step)[39m]: {
    stepId: [32m'pw:api@83'[39m,
    location: {
      file: [32m'/Users/adannaveed/Desktop/FYP CODE/motionmingle/tests/e2e/utils/test-helpers.ts'[39m,
      line: [33m1220[39m,
      column: [33m23[39m,
      function: [32m'AIHelpers.sendMessage'[39m
    },
    category: [32m'pw:api'[39m,
    title: [32m'locator.fill(Break down a mobile app development project into detailed tasks)'[39m,
    apiName: [32m'locator.fill'[39m,
    params: {
      selector: [32m'textarea:last-of-type >> nth=0'[39m,
      value: [32m'Break down a mobile app development project into detailed tasks'[39m,
      strict: [33mtrue[39m
    },
    boxedStack: [90mundefined[39m,
    steps: [],
    attachmentIndices: [],
    info: TestStepInfoImpl {
      annotations: [],
      _testInfo: [36m[TestInfoImpl][39m,
      _stepId: [32m'pw:api@83'[39m
    },
    complete: [36m[Function: complete][39m,
    endWallTime: [33m1749474593428[39m,
    error: {
      message: [32m'Error: locator.fill: Test ended.\n'[39m +
        [32m'Call log:\n'[39m +
        [32m"\x1B[2m  - waiting for locator('textarea:last-of-type').first()\x1B[22m\n"[39m +
        [32m'\x1B[2m    - locator resolved to <textarea data-headlessui-state="" id="headlessui-textarea-P0-0" placeholder="What do you want to change? (Ctrl+Alt+C)" class="h-full w-full flex-1 resize-none bg-transparent text-zinc-950 transition-all duration-150 placeholder:text-zinc-950/50 focus:outline-none"></textarea>\x1B[22m\n'[39m +
        [32m'\x1B[2m    - fill("Break down a mobile app development project into detailed tasks")\x1B[22m\n'[39m +
        [32m'\x1B[2m  - attempting fill action\x1B[22m\n'[39m +
        [32m'\x1B[2m    - waiting for element to be visible, enabled and editable\x1B[22m\n'[39m,
      stack: [32m'Error: locator.fill: Test ended.\n'[39m +
        [32m'Call log:\n'[39m +
        [32m"\x1B[2m  - waiting for locator('textarea:last-of-type').first()\x1B[22m\n"[39m +
        [32m'\x1B[2m    - locator resolved to <textarea data-headlessui-state="" id="headlessui-textarea-P0-0" placeholder="What do you want to change? (Ctrl+Alt+C)" class="h-full w-full flex-1 resize-none bg-transparent text-zinc-950 transition-all duration-150 placeholder:text-zinc-950/50 focus:outline-none"></textarea>\x1B[22m\n'[39m +
        [32m'\x1B[2m    - fill("Break down a mobile app development project into detailed tasks")\x1B[22m\n'[39m +
        [32m'\x1B[2m  - attempting fill action\x1B[22m\n'[39m +
        [32m'\x1B[2m    - waiting for element to be visible, enabled and editable\x1B[22m\n'[39m +
        [32m'\n'[39m +
        [32m'    at AIHelpers.sendMessage (/Users/adannaveed/Desktop/FYP CODE/motionmingle/tests/e2e/utils/test-helpers.ts:1220:23)\n'[39m +
        [32m'    at /Users/adannaveed/Desktop/FYP CODE/motionmingle/tests/e2e/workflows/ai-workflow.spec.ts:58:9'[39m,
      cause: [90mundefined[39m
    }
  }
}
✅ Project breakdown message sent
⚠️ Could not send AI message: locator.fill: Test ended.
Call log:
[2m  - waiting for locator('textarea:last-of-type').first()[22m
[2m    - locator resolved to <textarea data-headlessui-state="" id="headlessui-textarea-P0-0" placeholder="What do you want to change? (Ctrl+Alt+C)" class="h-full w-full flex-1 resize-none bg-transparent text-zinc-950 transition-all duration-150 placeholder:text-zinc-950/50 focus:outline-none"></textarea>[22m
[2m    - fill("What tasks do I have for today?")[22m
[2m  - attempting fill action[22m
[2m    - waiting for element to be visible, enabled and editable[22m

    at AIHelpers.sendMessage [90m(/Users/adannaveed/Desktop/FYP CODE/motionmingle/[39mtests/e2e/utils/test-helpers.ts:1220:23[90m)[39m
    at [90m/Users/adannaveed/Desktop/FYP CODE/motionmingle/[39mtests/e2e/workflows/ai-workflow.spec.ts:70:9 {
  [[32mSymbol(step)[39m]: {
    stepId: [32m'pw:api@84'[39m,
    location: {
      file: [32m'/Users/adannaveed/Desktop/FYP CODE/motionmingle/tests/e2e/utils/test-helpers.ts'[39m,
      line: [33m1220[39m,
      column: [33m23[39m,
      function: [32m'AIHelpers.sendMessage'[39m
    },
    category: [32m'pw:api'[39m,
    title: [32m'locator.fill(What tasks do I have for today?)'[39m,
    apiName: [32m'locator.fill'[39m,
    params: {
      selector: [32m'textarea:last-of-type >> nth=0'[39m,
      value: [32m'What tasks do I have for today?'[39m,
      strict: [33mtrue[39m
    },
    boxedStack: [90mundefined[39m,
    steps: [],
    attachmentIndices: [],
    info: TestStepInfoImpl {
      annotations: [],
      _testInfo: [36m[TestInfoImpl][39m,
      _stepId: [32m'pw:api@84'[39m
    },
    complete: [36m[Function: complete][39m,
    endWallTime: [33m1749474593429[39m,
    error: {
      message: [32m'Error: locator.fill: Test ended.\n'[39m +
        [32m'Call log:\n'[39m +
        [32m"\x1B[2m  - waiting for locator('textarea:last-of-type').first()\x1B[22m\n"[39m +
        [32m'\x1B[2m    - locator resolved to <textarea data-headlessui-state="" id="headlessui-textarea-P0-0" placeholder="What do you want to change? (Ctrl+Alt+C)" class="h-full w-full flex-1 resize-none bg-transparent text-zinc-950 transition-all duration-150 placeholder:text-zinc-950/50 focus:outline-none"></textarea>\x1B[22m\n'[39m +
        [32m'\x1B[2m    - fill("What tasks do I have for today?")\x1B[22m\n'[39m +
        [32m'\x1B[2m  - attempting fill action\x1B[22m\n'[39m +
        [32m'\x1B[2m    - waiting for element to be visible, enabled and editable\x1B[22m\n'[39m,
      stack: [32m'Error: locator.fill: Test ended.\n'[39m +
        [32m'Call log:\n'[39m +
        [32m"\x1B[2m  - waiting for locator('textarea:last-of-type').first()\x1B[22m\n"[39m +
        [32m'\x1B[2m    - locator resolved to <textarea data-headlessui-state="" id="headlessui-textarea-P0-0" placeholder="What do you want to change? (Ctrl+Alt+C)" class="h-full w-full flex-1 resize-none bg-transparent text-zinc-950 transition-all duration-150 placeholder:text-zinc-950/50 focus:outline-none"></textarea>\x1B[22m\n'[39m +
        [32m'\x1B[2m    - fill("What tasks do I have for today?")\x1B[22m\n'[39m +
        [32m'\x1B[2m  - attempting fill action\x1B[22m\n'[39m +
        [32m'\x1B[2m    - waiting for element to be visible, enabled and editable\x1B[22m\n'[39m +
        [32m'\n'[39m +
        [32m'    at AIHelpers.sendMessage (/Users/adannaveed/Desktop/FYP CODE/motionmingle/tests/e2e/utils/test-helpers.ts:1220:23)\n'[39m +
        [32m'    at /Users/adannaveed/Desktop/FYP CODE/motionmingle/tests/e2e/workflows/ai-workflow.spec.ts:70:9'[39m,
      cause: [90mundefined[39m
    }
  }
}
🤖 Sending AI message: Which one should I prioritize?
⚠️ Page context closed, cannot send AI message
✅ AI context understanding tested
⚠️ Could not send AI message: locator.fill: Test ended.
Call log:
[2m  - waiting for locator('textarea:last-of-type').first()[22m
[2m    - locator resolved to <textarea data-headlessui-state="" id="headlessui-textarea-P0-0" placeholder="What do you want to change? (Ctrl+Alt+C)" class="h-full w-full flex-1 resize-none bg-transparent text-zinc-950 transition-all duration-150 placeholder:text-zinc-950/50 focus:outline-none"></textarea>[22m
[2m    - fill("Create a task for testing the new feature")[22m
[2m  - attempting fill action[22m
[2m    - waiting for element to be visible, enabled and editable[22m

    at AIHelpers.sendMessage [90m(/Users/adannaveed/Desktop/FYP CODE/motionmingle/[39mtests/e2e/utils/test-helpers.ts:1220:23[90m)[39m
    at [90m/Users/adannaveed/Desktop/FYP CODE/motionmingle/[39mtests/e2e/workflows/ai-workflow.spec.ts:85:9 {
  [[32mSymbol(step)[39m]: {
    stepId: [32m'pw:api@85'[39m,
    location: {
      file: [32m'/Users/adannaveed/Desktop/FYP CODE/motionmingle/tests/e2e/utils/test-helpers.ts'[39m,
      line: [33m1220[39m,
      column: [33m23[39m,
      function: [32m'AIHelpers.sendMessage'[39m
    },
    category: [32m'pw:api'[39m,
    title: [32m'locator.fill(Create a task for testing the new feature)'[39m,
    apiName: [32m'locator.fill'[39m,
    params: {
      selector: [32m'textarea:last-of-type >> nth=0'[39m,
      value: [32m'Create a task for testing the new feature'[39m,
      strict: [33mtrue[39m
    },
    boxedStack: [90mundefined[39m,
    steps: [],
    attachmentIndices: [],
    info: TestStepInfoImpl {
      annotations: [],
      _testInfo: [36m[TestInfoImpl][39m,
      _stepId: [32m'pw:api@85'[39m
    },
    complete: [36m[Function: complete][39m,
    endWallTime: [33m1749474593430[39m,
    error: {
      message: [32m'Error: locator.fill: Test ended.\n'[39m +
        [32m'Call log:\n'[39m +
        [32m"\x1B[2m  - waiting for locator('textarea:last-of-type').first()\x1B[22m\n"[39m +
        [32m'\x1B[2m    - locator resolved to <textarea data-headlessui-state="" id="headlessui-textarea-P0-0" placeholder="What do you want to change? (Ctrl+Alt+C)" class="h-full w-full flex-1 resize-none bg-transparent text-zinc-950 transition-all duration-150 placeholder:text-zinc-950/50 focus:outline-none"></textarea>\x1B[22m\n'[39m +
        [32m'\x1B[2m    - fill("Create a task for testing the new feature")\x1B[22m\n'[39m +
        [32m'\x1B[2m  - attempting fill action\x1B[22m\n'[39m +
        [32m'\x1B[2m    - waiting for element to be visible, enabled and editable\x1B[22m\n'[39m,
      stack: [32m'Error: locator.fill: Test ended.\n'[39m +
        [32m'Call log:\n'[39m +
        [32m"\x1B[2m  - waiting for locator('textarea:last-of-type').first()\x1B[22m\n"[39m +
        [32m'\x1B[2m    - locator resolved to <textarea data-headlessui-state="" id="headlessui-textarea-P0-0" placeholder="What do you want to change? (Ctrl+Alt+C)" class="h-full w-full flex-1 resize-none bg-transparent text-zinc-950 transition-all duration-150 placeholder:text-zinc-950/50 focus:outline-none"></textarea>\x1B[22m\n'[39m +
        [32m'\x1B[2m    - fill("Create a task for testing the new feature")\x1B[22m\n'[39m +
        [32m'\x1B[2m  - attempting fill action\x1B[22m\n'[39m +
        [32m'\x1B[2m    - waiting for element to be visible, enabled and editable\x1B[22m\n'[39m +
        [32m'\n'[39m +
        [32m'    at AIHelpers.sendMessage (/Users/adannaveed/Desktop/FYP CODE/motionmingle/tests/e2e/utils/test-helpers.ts:1220:23)\n'[39m +
        [32m'    at /Users/adannaveed/Desktop/FYP CODE/motionmingle/tests/e2e/workflows/ai-workflow.spec.ts:85:9'[39m,
      cause: [90mundefined[39m
    }
  }
}
🤖 Sending AI message: Can you make that task more specific?
⚠️ Page context closed, cannot send AI message
✅ AI learning and adaptation tested
]]>
</system-out>
</testcase>
<testcase name="AI Workflow E2E Tests › 🎯 AI Smart Suggestions and Automation" classname="workflows/ai-workflow.spec.ts" time="17.984">
<system-out>
<![CDATA[🔐 Using existing test user: e2e-test@motionmingle.com
🔐 Login attempt 1...
Current URL: about:blank
📱 Sign-in page loaded successfully
⚠️ Login attempt 1 failed: page.waitForURL: Timeout 15000ms exceeded.
=========================== logs ===========================
waiting for navigation to "/" until "load"
  navigated to "http://localhost:8081/auth/signin"
============================================================
    at AuthHelpers.login [90m(/Users/adannaveed/Desktop/FYP CODE/motionmingle/[39mtests/e2e/utils/test-helpers.ts:50:21[90m)[39m
    at [90m/Users/adannaveed/Desktop/FYP CODE/motionmingle/[39mtests/e2e/workflows/ai-workflow.spec.ts:24:5 {
  name: [32m'TimeoutError'[39m,
  [[32mSymbol(step)[39m]: {
    stepId: [32m'pw:api@12'[39m,
    location: {
      file: [32m'/Users/adannaveed/Desktop/FYP CODE/motionmingle/tests/e2e/utils/test-helpers.ts'[39m,
      line: [33m50[39m,
      column: [33m21[39m,
      function: [32m'AuthHelpers.login'[39m
    },
    category: [32m'pw:api'[39m,
    title: [32m'page.waitForURL'[39m,
    apiName: [32m'page.waitForURL'[39m,
    params: { info: [36m[Object][39m },
    boxedStack: [90mundefined[39m,
    steps: [],
    attachmentIndices: [],
    info: TestStepInfoImpl {
      annotations: [],
      _testInfo: [36m[TestInfoImpl][39m,
      _stepId: [32m'pw:api@12'[39m
    },
    complete: [36m[Function: complete][39m,
    endWallTime: [33m1749474609025[39m,
    error: {
      message: [32m'TimeoutError: page.waitForURL: Timeout 15000ms exceeded.\n'[39m +
        [32m'=========================== logs ===========================\n'[39m +
        [32m'waiting for navigation to "/" until "load"\n'[39m +
        [32m'  navigated to "http://localhost:8081/auth/signin"\n'[39m +
        [32m'============================================================'[39m,
      stack: [32m'TimeoutError: page.waitForURL: Timeout 15000ms exceeded.\n'[39m +
        [32m'=========================== logs ===========================\n'[39m +
        [32m'waiting for navigation to "/" until "load"\n'[39m +
        [32m'  navigated to "http://localhost:8081/auth/signin"\n'[39m +
        [32m'============================================================\n'[39m +
        [32m'    at AuthHelpers.login (/Users/adannaveed/Desktop/FYP CODE/motionmingle/tests/e2e/utils/test-helpers.ts:50:21)\n'[39m +
        [32m'    at /Users/adannaveed/Desktop/FYP CODE/motionmingle/tests/e2e/workflows/ai-workflow.spec.ts:24:5'[39m,
      cause: [90mundefined[39m
    }
  }
}
Debug - Current URL after failed attempt: http://localhost:8081/auth/signin
Debug - Page state: {
  title: [32m'TaskPulse'[39m,
  bodyText: [32m'Welcome back\n'[39m +
    [32m'\n'[39m +
    [32m'Sign in to your account to continue\n'[39m +
    [32m'\n'[39m +
    [32m'Email\n'[39m +
    [32m'Password\n'[39m +
    [32m'Sign in\n'[39m +
    [32m'\n'[39m +
    [32m"Don't have an account? Sign up"[39m,
  hasMainElement: [33mfalse[39m,
  hasH1Element: [33mtrue[39m
}
🔐 Login attempt 2...
Current URL: http://localhost:8081/auth/signin
📱 Sign-in page loaded successfully
🔄 Redirected to dashboard, waiting for content...
✅ Login successful (detected via: primary)
Final URL after login: http://localhost:8081/
🎯 Testing AI smart suggestions...
📋 Navigating to Tasks...
🤖 Sending AI message: Estimate how long each of my tasks will take
🤖 Sending AI message: Schedule my tasks in my calendar based on priority and time estimates
⚠️ Tasks navigation attempt 1 failed: page.waitForSelector: Test ended.
Call log:
[2m  - waiting for locator('main, [role="main"], .container') to be visible[22m
[2m    - locator resolved to 2 elements. Proceeding with the first one: <div role="main" class="flex-1" data-lov-name="div" data-component-line="101" data-component-name="div" data-component-file="App.tsx" data-lov-id="src/App.tsx:101:14" data-component-path="src/App.tsx" data-component-content="%7B%22className%22%3A%22flex-1%22%7D">…</div>[22m

    at NavigationHelpers.goToTasks [90m(/Users/adannaveed/Desktop/FYP CODE/motionmingle/[39mtests/e2e/utils/test-helpers.ts:357:27[90m)[39m
    at [90m/Users/adannaveed/Desktop/FYP CODE/motionmingle/[39mtests/e2e/workflows/ai-workflow.spec.ts:101:7 {
  [[32mSymbol(step)[39m]: {
    stepId: [32m'pw:api@41'[39m,
    location: {
      file: [32m'/Users/adannaveed/Desktop/FYP CODE/motionmingle/tests/e2e/utils/test-helpers.ts'[39m,
      line: [33m357[39m,
      column: [33m27[39m,
      function: [32m'NavigationHelpers.goToTasks'[39m
    },
    category: [32m'pw:api'[39m,
    title: [32m'page.waitForSelector(main, [role="main"], .container)'[39m,
    apiName: [32m'page.waitForSelector'[39m,
    params: { selector: [32m'main, [role="main"], .container'[39m, timeout: [33m5000[39m },
    boxedStack: [90mundefined[39m,
    steps: [],
    attachmentIndices: [],
    info: TestStepInfoImpl {
      annotations: [],
      _testInfo: [36m[TestInfoImpl][39m,
      _stepId: [32m'pw:api@41'[39m
    },
    complete: [36m[Function: complete][39m,
    endWallTime: [33m1749474611365[39m,
    error: {
      message: [32m'Error: page.waitForSelector: Test ended.\n'[39m +
        [32m'Call log:\n'[39m +
        [32m`\x1B[2m  - waiting for locator('main, [role="main"], .container') to be visible\x1B[22m\n`[39m +
        [32m'\x1B[2m    - locator resolved to 2 elements. Proceeding with the first one: <div role="main" class="flex-1" data-lov-name="div" data-component-line="101" data-component-name="div" data-component-file="App.tsx" data-lov-id="src/App.tsx:101:14" data-component-path="src/App.tsx" data-component-content="%7B%22className%22%3A%22flex-1%22%7D">…</div>\x1B[22m\n'[39m,
      stack: [32m'Error: page.waitForSelector: Test ended.\n'[39m +
        [32m'Call log:\n'[39m +
        [32m`\x1B[2m  - waiting for locator('main, [role="main"], .container') to be visible\x1B[22m\n`[39m +
        [32m'\x1B[2m    - locator resolved to 2 elements. Proceeding with the first one: <div role="main" class="flex-1" data-lov-name="div" data-component-line="101" data-component-name="div" data-component-file="App.tsx" data-lov-id="src/App.tsx:101:14" data-component-path="src/App.tsx" data-component-content="%7B%22className%22%3A%22flex-1%22%7D">…</div>\x1B[22m\n'[39m +
        [32m'\n'[39m +
        [32m'    at NavigationHelpers.goToTasks (/Users/adannaveed/Desktop/FYP CODE/motionmingle/tests/e2e/utils/test-helpers.ts:357:27)\n'[39m +
        [32m'    at /Users/adannaveed/Desktop/FYP CODE/motionmingle/tests/e2e/workflows/ai-workflow.spec.ts:101:7'[39m,
      cause: [90mundefined[39m
    }
  }
}
⚠️ Tasks navigation attempt 2 failed: Error: Page context has been closed
    at NavigationHelpers.goToTasks [90m(file:///Users/adannaveed/Desktop/FYP%20CODE/motionmingle/[39mtests/e2e/utils/test-helpers.ts:350:19[90m)[39m
[90m    at runNextTicks (node:internal/process/task_queues:65:5)[39m
[90m    at processImmediate (node:internal/timers:459:9)[39m
[90m    at process.callbackTrampoline (node:internal/async_hooks:130:17)[39m
    at [90mfile:///Users/adannaveed/Desktop/FYP%20CODE/motionmingle/[39mtests/e2e/workflows/ai-workflow.spec.ts:101:7
    at TestStepInfoImpl._runStepBody [90m(/Users/adannaveed/Desktop/FYP CODE/motionmingle/[39mnode_modules/[4mplaywright[24m/lib/worker/testInfo.js:390:14[90m)[39m
    at [90m/Users/adannaveed/Desktop/FYP CODE/motionmingle/[39mnode_modules/[4mplaywright[24m/lib/common/testType.js:244:20
    at [90m/Users/adannaveed/Desktop/FYP CODE/motionmingle/[39mnode_modules/[4mplaywright[24m/lib/common/testType.js:242:18
    at TestTypeImpl._step [90m(/Users/adannaveed/Desktop/FYP CODE/motionmingle/[39mnode_modules/[4mplaywright[24m/lib/common/testType.js:239:12[90m)[39m
⚠️ Tasks navigation attempt 3 failed: Error: Page context has been closed
    at NavigationHelpers.goToTasks [90m(file:///Users/adannaveed/Desktop/FYP%20CODE/motionmingle/[39mtests/e2e/utils/test-helpers.ts:350:19[90m)[39m
[90m    at runNextTicks (node:internal/process/task_queues:65:5)[39m
[90m    at processImmediate (node:internal/timers:459:9)[39m
[90m    at process.callbackTrampoline (node:internal/async_hooks:130:17)[39m
    at [90mfile:///Users/adannaveed/Desktop/FYP%20CODE/motionmingle/[39mtests/e2e/workflows/ai-workflow.spec.ts:101:7
    at TestStepInfoImpl._runStepBody [90m(/Users/adannaveed/Desktop/FYP CODE/motionmingle/[39mnode_modules/[4mplaywright[24m/lib/worker/testInfo.js:390:14[90m)[39m
    at [90m/Users/adannaveed/Desktop/FYP CODE/motionmingle/[39mnode_modules/[4mplaywright[24m/lib/common/testType.js:244:20
    at [90m/Users/adannaveed/Desktop/FYP CODE/motionmingle/[39mnode_modules/[4mplaywright[24m/lib/common/testType.js:242:18
    at TestTypeImpl._step [90m(/Users/adannaveed/Desktop/FYP CODE/motionmingle/[39mnode_modules/[4mplaywright[24m/lib/common/testType.js:239:12[90m)[39m
⚠️ Tasks navigation failed, continuing test
📋 Creating task: Urgent Bug Fix
⚠️ Page context closed, cannot create task
📋 Creating task: Code Review
⚠️ Page context closed, cannot create task
🤖 Sending AI message: How should I prioritize my tasks today?
⚠️ Page context closed, cannot send AI message
✅ Smart task prioritization requested
⚠️ Page context closed during navigation
✅ Intelligent time estimation requested
⚠️ Page context closed during navigation
✅ Smart calendar scheduling requested
]]>
</system-out>
</testcase>
<testcase name="AI Workflow E2E Tests › 🔄 AI Workflow Automation" classname="workflows/ai-workflow.spec.ts" time="0.893">
<system-out>
<![CDATA[🔐 Using existing test user: e2e-test@motionmingle.com
🔐 Login attempt 1...
Current URL: about:blank
📱 Sign-in page loaded successfully
🔄 Redirected to dashboard, waiting for content...
✅ Login successful (detected via: primary)
Final URL after login: http://localhost:8081/
🔄 Testing AI workflow automation...
📁 Navigating to Projects...
🤖 Sending AI message: Analyze my project deadlines and suggest adjustments
🔄 Navigating to chat page...
✅ Projects page loaded
🤖 Sending AI message: Set up a new web development project with standard tasks and milestones
⚠️ Navigation to chat failed: page.goto: net::ERR_ABORTED; maybe frame was detached?
Call log:
[2m  - navigating to "http://localhost:8081/chat", waiting until "domcontentloaded"[22m

    at AIHelpers.sendMessage [90m(/Users/adannaveed/Desktop/FYP CODE/motionmingle/[39mtests/e2e/utils/test-helpers.ts:1166:27[90m)[39m
    at [90m/Users/adannaveed/Desktop/FYP CODE/motionmingle/[39mtests/e2e/workflows/ai-workflow.spec.ts:152:9 {
  name: [32m'Error'[39m,
  [[32mSymbol(step)[39m]: {
    stepId: [32m'pw:api@34'[39m,
    location: {
      file: [32m'/Users/adannaveed/Desktop/FYP CODE/motionmingle/tests/e2e/utils/test-helpers.ts'[39m,
      line: [33m1166[39m,
      column: [33m27[39m,
      function: [32m'AIHelpers.sendMessage'[39m
    },
    category: [32m'pw:api'[39m,
    title: [32m'page.goto(/chat)'[39m,
    apiName: [32m'page.goto'[39m,
    params: { url: [32m'/chat'[39m, timeout: [33m10000[39m, waitUntil: [32m'domcontentloaded'[39m },
    boxedStack: [90mundefined[39m,
    steps: [],
    attachmentIndices: [],
    info: TestStepInfoImpl {
      annotations: [],
      _testInfo: [36m[TestInfoImpl][39m,
      _stepId: [32m'pw:api@34'[39m
    },
    complete: [36m[Function: complete][39m,
    endWallTime: [33m1749474612310[39m,
    error: {
      message: [32m'Error: page.goto: net::ERR_ABORTED; maybe frame was detached?\n'[39m +
        [32m'Call log:\n'[39m +
        [32m'\x1B[2m  - navigating to "http://localhost:8081/chat", waiting until "domcontentloaded"\x1B[22m\n'[39m,
      stack: [32m'Error: page.goto: net::ERR_ABORTED; maybe frame was detached?\n'[39m +
        [32m'Call log:\n'[39m +
        [32m'\x1B[2m  - navigating to "http://localhost:8081/chat", waiting until "domcontentloaded"\x1B[22m\n'[39m +
        [32m'\n'[39m +
        [32m'    at AIHelpers.sendMessage (/Users/adannaveed/Desktop/FYP CODE/motionmingle/tests/e2e/utils/test-helpers.ts:1166:27)\n'[39m +
        [32m'    at /Users/adannaveed/Desktop/FYP CODE/motionmingle/tests/e2e/workflows/ai-workflow.spec.ts:152:9'[39m,
      cause: [90mundefined[39m
    }
  }
}
⚠️ Trying to continue without navigation...
⚠️ Page context closed during navigation
✅ Automated project setup requested
⚠️ Chat input not found or page closed - chat interface may not be available
🤖 Sending AI message: Generate a progress report for my current projects
⚠️ Page context closed, cannot send AI message
✅ Automated progress tracking requested
]]>
</system-out>
</testcase>
<testcase name="AI Workflow E2E Tests › 🎨 AI Personalization and Learning" classname="workflows/ai-workflow.spec.ts" time="1.055">
<system-out>
<![CDATA[🔐 Using existing test user: e2e-test@motionmingle.com
🔐 Login attempt 1...
Current URL: about:blank
📱 Sign-in page loaded successfully
🔄 Redirected to dashboard, waiting for content...
✅ Login successful (detected via: primary)
Final URL after login: http://localhost:8081/
🎨 Testing AI personalization...
🤖 Sending AI message: What are my most productive hours based on my work patterns?
🤖 Sending AI message: Suggest tasks for tomorrow based on my goals and preferences
🔄 Navigating to chat page...
🔄 Navigating to chat page...
⚠️ Navigation to chat failed: page.goto: net::ERR_ABORTED at http://localhost:8081/chat
Call log:
[2m  - navigating to "http://localhost:8081/chat", waiting until "domcontentloaded"[22m

    at AIHelpers.sendMessage [90m(/Users/adannaveed/Desktop/FYP CODE/motionmingle/[39mtests/e2e/utils/test-helpers.ts:1166:27[90m)[39m
    at [90m/Users/adannaveed/Desktop/FYP CODE/motionmingle/[39mtests/e2e/workflows/ai-workflow.spec.ts:166:9 {
  name: [32m'Error'[39m,
  [[32mSymbol(step)[39m]: {
    stepId: [32m'pw:api@39'[39m,
    location: {
      file: [32m'/Users/adannaveed/Desktop/FYP CODE/motionmingle/tests/e2e/utils/test-helpers.ts'[39m,
      line: [33m1166[39m,
      column: [33m27[39m,
      function: [32m'AIHelpers.sendMessage'[39m
    },
    category: [32m'pw:api'[39m,
    title: [32m'page.goto(/chat)'[39m,
    apiName: [32m'page.goto'[39m,
    params: { url: [32m'/chat'[39m, timeout: [33m10000[39m, waitUntil: [32m'domcontentloaded'[39m },
    boxedStack: [90mundefined[39m,
    steps: [],
    attachmentIndices: [],
    info: TestStepInfoImpl {
      annotations: [],
      _testInfo: [36m[TestInfoImpl][39m,
      _stepId: [32m'pw:api@39'[39m
    },
    complete: [36m[Function: complete][39m,
    endWallTime: [33m1749474613331[39m,
    error: {
      message: [32m'Error: page.goto: net::ERR_ABORTED at http://localhost:8081/chat\n'[39m +
        [32m'Call log:\n'[39m +
        [32m'\x1B[2m  - navigating to "http://localhost:8081/chat", waiting until "domcontentloaded"\x1B[22m\n'[39m,
      stack: [32m'Error: page.goto: net::ERR_ABORTED at http://localhost:8081/chat\n'[39m +
        [32m'Call log:\n'[39m +
        [32m'\x1B[2m  - navigating to "http://localhost:8081/chat", waiting until "domcontentloaded"\x1B[22m\n'[39m +
        [32m'\n'[39m +
        [32m'    at AIHelpers.sendMessage (/Users/adannaveed/Desktop/FYP CODE/motionmingle/tests/e2e/utils/test-helpers.ts:1166:27)\n'[39m +
        [32m'    at /Users/adannaveed/Desktop/FYP CODE/motionmingle/tests/e2e/workflows/ai-workflow.spec.ts:166:9'[39m,
      cause: [90mundefined[39m
    }
  }
}
⚠️ Trying to continue without navigation...
⚠️ Navigation to chat failed: page.goto: Test ended.
Call log:
[2m  - navigating to "http://localhost:8081/chat", waiting until "domcontentloaded"[22m

    at AIHelpers.sendMessage [90m(/Users/adannaveed/Desktop/FYP CODE/motionmingle/[39mtests/e2e/utils/test-helpers.ts:1166:27[90m)[39m
    at [90m/Users/adannaveed/Desktop/FYP CODE/motionmingle/[39mtests/e2e/workflows/ai-workflow.spec.ts:175:9 {
  [[32mSymbol(step)[39m]: {
    stepId: [32m'pw:api@40'[39m,
    location: {
      file: [32m'/Users/adannaveed/Desktop/FYP CODE/motionmingle/tests/e2e/utils/test-helpers.ts'[39m,
      line: [33m1166[39m,
      column: [33m27[39m,
      function: [32m'AIHelpers.sendMessage'[39m
    },
    category: [32m'pw:api'[39m,
    title: [32m'page.goto(/chat)'[39m,
    apiName: [32m'page.goto'[39m,
    params: { url: [32m'/chat'[39m, timeout: [33m10000[39m, waitUntil: [32m'domcontentloaded'[39m },
    boxedStack: [90mundefined[39m,
    steps: [],
    attachmentIndices: [],
    info: TestStepInfoImpl {
      annotations: [],
      _testInfo: [36m[TestInfoImpl][39m,
      _stepId: [32m'pw:api@40'[39m
    },
    complete: [36m[Function: complete][39m,
    endWallTime: [33m1749474613372[39m,
    error: {
      message: [32m'Error: page.goto: Test ended.\n'[39m +
        [32m'Call log:\n'[39m +
        [32m'\x1B[2m  - navigating to "http://localhost:8081/chat", waiting until "domcontentloaded"\x1B[22m\n'[39m,
      stack: [32m'Error: page.goto: Test ended.\n'[39m +
        [32m'Call log:\n'[39m +
        [32m'\x1B[2m  - navigating to "http://localhost:8081/chat", waiting until "domcontentloaded"\x1B[22m\n'[39m +
        [32m'\n'[39m +
        [32m'    at AIHelpers.sendMessage (/Users/adannaveed/Desktop/FYP CODE/motionmingle/tests/e2e/utils/test-helpers.ts:1166:27)\n'[39m +
        [32m'    at /Users/adannaveed/Desktop/FYP CODE/motionmingle/tests/e2e/workflows/ai-workflow.spec.ts:175:9'[39m,
      cause: [90mundefined[39m
    }
  }
}
⚠️ Trying to continue without navigation...
⚠️ Page context closed during navigation
🤖 Sending AI message: How can I optimize my workspace layout for better productivity?
⚠️ Page context closed, cannot send AI message
✅ Personal preference learning tested
⚠️ Chat input not found or page closed - chat interface may not be available
✅ Work pattern recognition tested
]]>
</system-out>
</testcase>
<testcase name="AI Workflow E2E Tests › ⚡ AI Performance and Reliability" classname="workflows/ai-workflow.spec.ts" time="0.756">
<system-out>
<![CDATA[🔐 Using existing test user: e2e-test@motionmingle.com
🔐 Login attempt 1...
Current URL: about:blank
📱 Sign-in page loaded successfully
🔄 Redirected to dashboard, waiting for content...
✅ Login successful (detected via: primary)
Final URL after login: http://localhost:8081/
⚡ Testing AI performance...
🤖 Sending AI message: Create a simple task
🤖 Sending AI message: Create a simple task
🤖 Sending AI message: This is a very long message that might cause issues with processing and should test the AI's ability to handle edge cases and unusual input patterns that could potentially break the system or cause unexpected behavior in the natural language processing pipeline
✅ Found chat interface with selector: textarea:last-of-type
✅ Found chat interface with selector: textarea:last-of-type
✅ Found chat interface with selector: textarea:last-of-type
⚠️ Could not find or click send button
⏱️ AI response time: 64ms
✅ Response time verified
⚠️ Could not find or click send button
⚠️ Page context closed, cannot wait for load state
🤖 Sending AI message: Task 1: Create a meeting
⚠️ Page context closed, cannot send AI message
⚠️ Page context closed, cannot wait for load state
🤖 Sending AI message: Task 2: Set a reminder
⚠️ Page context closed, cannot send AI message
⚠️ Page context closed, cannot wait for load state
🤖 Sending AI message: Task 3: Generate report
⚠️ Page context closed, cannot send AI message
⚠️ Page context closed, cannot wait for load state
⏱️ Concurrent requests completed in: 65ms
⚠️ Could not find or click send button
⚠️ Concurrent request test failed: expect.toBeVisible: Target page, context or browser has been closed
    at [90m/Users/adannaveed/Desktop/FYP CODE/motionmingle/[39mtests/e2e/workflows/ai-workflow.spec.ts:231:44 {
  [[32mSymbol(step)[39m]: {
    stepId: [32m'expect@79'[39m,
    category: [32m'expect'[39m,
    title: [32m'expect.toBeVisible'[39m,
    params: [90mundefined[39m,
    infectParentStepsWithError: [90mundefined[39m,
    boxedStack: [90mundefined[39m,
    location: {
      file: [32m'/Users/adannaveed/Desktop/FYP CODE/motionmingle/tests/e2e/workflows/ai-workflow.spec.ts'[39m,
      line: [33m231[39m,
      column: [33m44[39m
    },
    steps: [],
    attachmentIndices: [],
    info: TestStepInfoImpl {
      annotations: [],
      _testInfo: [36m[TestInfoImpl][39m,
      _stepId: [32m'expect@79'[39m
    },
    complete: [36m[Function: complete][39m,
    endWallTime: [33m1749474614134[39m,
    error: {
      message: [32m'Error: expect.toBeVisible: Target page, context or browser has been closed'[39m,
      stack: [32m'Error: expect.toBeVisible: Target page, context or browser has been closed\n'[39m +
        [32m'    at /Users/adannaveed/Desktop/FYP CODE/motionmingle/tests/e2e/workflows/ai-workflow.spec.ts:231:44'[39m,
      cause: [90mundefined[39m
    }
  }
}
⚠️ Error handling test failed: expect.toBeVisible: Target page, context or browser has been closed
    at [90m/Users/adannaveed/Desktop/FYP CODE/motionmingle/[39mtests/e2e/workflows/ai-workflow.spec.ts:245:44 {
  [[32mSymbol(step)[39m]: {
    stepId: [32m'expect@80'[39m,
    category: [32m'expect'[39m,
    title: [32m'expect.toBeVisible'[39m,
    params: [90mundefined[39m,
    infectParentStepsWithError: [90mundefined[39m,
    boxedStack: [90mundefined[39m,
    location: {
      file: [32m'/Users/adannaveed/Desktop/FYP CODE/motionmingle/tests/e2e/workflows/ai-workflow.spec.ts'[39m,
      line: [33m245[39m,
      column: [33m44[39m
    },
    steps: [],
    attachmentIndices: [],
    info: TestStepInfoImpl {
      annotations: [],
      _testInfo: [36m[TestInfoImpl][39m,
      _stepId: [32m'expect@80'[39m
    },
    complete: [36m[Function: complete][39m,
    endWallTime: [33m1749474614134[39m,
    error: {
      message: [32m'Error: expect.toBeVisible: Target page, context or browser has been closed'[39m,
      stack: [32m'Error: expect.toBeVisible: Target page, context or browser has been closed\n'[39m +
        [32m'    at /Users/adannaveed/Desktop/FYP CODE/motionmingle/tests/e2e/workflows/ai-workflow.spec.ts:245:44'[39m,
      cause: [90mundefined[39m
    }
  }
}
]]>
</system-out>
</testcase>
</testsuite>
<testsuite name="workflows/complete-user-journey.spec.ts" timestamp="2025-06-09T13:09:51.167Z" hostname="chromium" tests="4" failures="0" skipped="0" time="39.661" errors="0">
<testcase name="Complete User Journey - MotionMingle E2E › 🚀 Complete Productivity Workflow - New User to Power User" classname="workflows/complete-user-journey.spec.ts" time="36.221">
<system-out>
<![CDATA[🎯 Starting Complete User Journey Test...
📝 Testing user registration...
📝 Registering new user: test-1749474614442@example.com
📝 Registration attempt 1...
⚠️ Registration attempt 1 failed: page.waitForSelector: Timeout 10000ms exceeded.
Call log:
[2m  - waiting for locator('[data-testid="signin-heading"]') to be visible[22m

    at AuthHelpers.register [90m(/Users/adannaveed/Desktop/FYP CODE/motionmingle/[39mtests/e2e/utils/test-helpers.ts:170:25[90m)[39m
    at [90m/Users/adannaveed/Desktop/FYP CODE/motionmingle/[39mtests/e2e/workflows/complete-user-journey.spec.ts:61:11
    at [90m/Users/adannaveed/Desktop/FYP CODE/motionmingle/[39mtests/e2e/workflows/complete-user-journey.spec.ts:56:7 {
  name: [32m'TimeoutError'[39m,
  [[32mSymbol(step)[39m]: {
    stepId: [32m'pw:api@16'[39m,
    location: {
      file: [32m'/Users/adannaveed/Desktop/FYP CODE/motionmingle/tests/e2e/utils/test-helpers.ts'[39m,
      line: [33m170[39m,
      column: [33m25[39m,
      function: [32m'AuthHelpers.register'[39m
    },
    category: [32m'pw:api'[39m,
    title: [32m'page.waitForSelector([data-testid="signin-heading"])'[39m,
    apiName: [32m'page.waitForSelector'[39m,
    params: { selector: [32m'[data-testid="signin-heading"]'[39m, timeout: [33m10000[39m },
    boxedStack: [90mundefined[39m,
    steps: [],
    attachmentIndices: [],
    info: TestStepInfoImpl {
      annotations: [],
      _testInfo: [36m[TestInfoImpl][39m,
      _stepId: [32m'pw:api@16'[39m
    },
    complete: [36m[Function: complete][39m,
    endWallTime: [33m1749474624739[39m,
    error: {
      message: [32m'TimeoutError: page.waitForSelector: Timeout 10000ms exceeded.\n'[39m +
        [32m'Call log:\n'[39m +
        [32m`\x1B[2m  - waiting for locator('[data-testid="signin-heading"]') to be visible\x1B[22m\n`[39m,
      stack: [32m'TimeoutError: page.waitForSelector: Timeout 10000ms exceeded.\n'[39m +
        [32m'Call log:\n'[39m +
        [32m`\x1B[2m  - waiting for locator('[data-testid="signin-heading"]') to be visible\x1B[22m\n`[39m +
        [32m'\n'[39m +
        [32m'    at AuthHelpers.register (/Users/adannaveed/Desktop/FYP CODE/motionmingle/tests/e2e/utils/test-helpers.ts:170:25)\n'[39m +
        [32m'    at /Users/adannaveed/Desktop/FYP CODE/motionmingle/tests/e2e/workflows/complete-user-journey.spec.ts:61:11\n'[39m +
        [32m'    at /Users/adannaveed/Desktop/FYP CODE/motionmingle/tests/e2e/workflows/complete-user-journey.spec.ts:56:7'[39m,
      cause: [90mundefined[39m
    }
  }
}
📝 Registration attempt 2...
⚠️ Registration attempt 2 failed: page.waitForSelector: Timeout 10000ms exceeded.
Call log:
[2m  - waiting for locator('[data-testid="signin-heading"]') to be visible[22m

    at AuthHelpers.register [90m(/Users/adannaveed/Desktop/FYP CODE/motionmingle/[39mtests/e2e/utils/test-helpers.ts:170:25[90m)[39m
    at [90m/Users/adannaveed/Desktop/FYP CODE/motionmingle/[39mtests/e2e/workflows/complete-user-journey.spec.ts:61:11
    at [90m/Users/adannaveed/Desktop/FYP CODE/motionmingle/[39mtests/e2e/workflows/complete-user-journey.spec.ts:56:7 {
  name: [32m'TimeoutError'[39m,
  [[32mSymbol(step)[39m]: {
    stepId: [32m'pw:api@25'[39m,
    location: {
      file: [32m'/Users/adannaveed/Desktop/FYP CODE/motionmingle/tests/e2e/utils/test-helpers.ts'[39m,
      line: [33m170[39m,
      column: [33m25[39m,
      function: [32m'AuthHelpers.register'[39m
    },
    category: [32m'pw:api'[39m,
    title: [32m'page.waitForSelector([data-testid="signin-heading"])'[39m,
    apiName: [32m'page.waitForSelector'[39m,
    params: { selector: [32m'[data-testid="signin-heading"]'[39m, timeout: [33m10000[39m },
    boxedStack: [90mundefined[39m,
    steps: [],
    attachmentIndices: [],
    info: TestStepInfoImpl {
      annotations: [],
      _testInfo: [36m[TestInfoImpl][39m,
      _stepId: [32m'pw:api@25'[39m
    },
    complete: [36m[Function: complete][39m,
    endWallTime: [33m1749474636910[39m,
    error: {
      message: [32m'TimeoutError: page.waitForSelector: Timeout 10000ms exceeded.\n'[39m +
        [32m'Call log:\n'[39m +
        [32m`\x1B[2m  - waiting for locator('[data-testid="signin-heading"]') to be visible\x1B[22m\n`[39m,
      stack: [32m'TimeoutError: page.waitForSelector: Timeout 10000ms exceeded.\n'[39m +
        [32m'Call log:\n'[39m +
        [32m`\x1B[2m  - waiting for locator('[data-testid="signin-heading"]') to be visible\x1B[22m\n`[39m +
        [32m'\n'[39m +
        [32m'    at AuthHelpers.register (/Users/adannaveed/Desktop/FYP CODE/motionmingle/tests/e2e/utils/test-helpers.ts:170:25)\n'[39m +
        [32m'    at /Users/adannaveed/Desktop/FYP CODE/motionmingle/tests/e2e/workflows/complete-user-journey.spec.ts:61:11\n'[39m +
        [32m'    at /Users/adannaveed/Desktop/FYP CODE/motionmingle/tests/e2e/workflows/complete-user-journey.spec.ts:56:7'[39m,
      cause: [90mundefined[39m
    }
  }
}
📝 Registration attempt 3...
⚠️ Registration attempt 3 failed: page.waitForSelector: Timeout 10000ms exceeded.
Call log:
[2m  - waiting for locator('[data-testid="signin-heading"]') to be visible[22m

    at AuthHelpers.register [90m(/Users/adannaveed/Desktop/FYP CODE/motionmingle/[39mtests/e2e/utils/test-helpers.ts:170:25[90m)[39m
    at [90m/Users/adannaveed/Desktop/FYP CODE/motionmingle/[39mtests/e2e/workflows/complete-user-journey.spec.ts:61:11
    at [90m/Users/adannaveed/Desktop/FYP CODE/motionmingle/[39mtests/e2e/workflows/complete-user-journey.spec.ts:56:7 {
  name: [32m'TimeoutError'[39m,
  [[32mSymbol(step)[39m]: {
    stepId: [32m'pw:api@34'[39m,
    location: {
      file: [32m'/Users/adannaveed/Desktop/FYP CODE/motionmingle/tests/e2e/utils/test-helpers.ts'[39m,
      line: [33m170[39m,
      column: [33m25[39m,
      function: [32m'AuthHelpers.register'[39m
    },
    category: [32m'pw:api'[39m,
    title: [32m'page.waitForSelector([data-testid="signin-heading"])'[39m,
    apiName: [32m'page.waitForSelector'[39m,
    params: { selector: [32m'[data-testid="signin-heading"]'[39m, timeout: [33m10000[39m },
    boxedStack: [90mundefined[39m,
    steps: [],
    attachmentIndices: [],
    info: TestStepInfoImpl {
      annotations: [],
      _testInfo: [36m[TestInfoImpl][39m,
      _stepId: [32m'pw:api@34'[39m
    },
    complete: [36m[Function: complete][39m,
    endWallTime: [33m1749474649063[39m,
    error: {
      message: [32m'TimeoutError: page.waitForSelector: Timeout 10000ms exceeded.\n'[39m +
        [32m'Call log:\n'[39m +
        [32m`\x1B[2m  - waiting for locator('[data-testid="signin-heading"]') to be visible\x1B[22m\n`[39m,
      stack: [32m'TimeoutError: page.waitForSelector: Timeout 10000ms exceeded.\n'[39m +
        [32m'Call log:\n'[39m +
        [32m`\x1B[2m  - waiting for locator('[data-testid="signin-heading"]') to be visible\x1B[22m\n`[39m +
        [32m'\n'[39m +
        [32m'    at AuthHelpers.register (/Users/adannaveed/Desktop/FYP CODE/motionmingle/tests/e2e/utils/test-helpers.ts:170:25)\n'[39m +
        [32m'    at /Users/adannaveed/Desktop/FYP CODE/motionmingle/tests/e2e/workflows/complete-user-journey.spec.ts:61:11\n'[39m +
        [32m'    at /Users/adannaveed/Desktop/FYP CODE/motionmingle/tests/e2e/workflows/complete-user-journey.spec.ts:56:7'[39m,
      cause: [90mundefined[39m
    }
  }
}
⚠️ Could not register new user, using login fallback
🔐 Using existing test user: e2e-test@motionmingle.com
🔐 Login attempt 1...
Current URL: http://localhost:8081/auth/signup
📱 Sign-in page loaded successfully
🔄 Redirected to dashboard, waiting for content...
✅ Login successful (detected via: primary)
Final URL after login: http://localhost:8081/
✅ User registration completed
📁 Testing project management...
📁 Navigating to Projects...
✅ Testing task management...
📋 Navigating to Tasks...
📅 Testing calendar functionality...
📅 Navigating to Calendar...
🤖 Testing AI functionality...
🤖 Sending AI message: Create a task to implement user authentication
📎 Testing file management...
📎 Navigating to Files...
⏱️ Testing time tracking...
⏱️ Navigating to Timer...
📝 Testing notes functionality...
📝 Navigating to Notes...
🔗 Testing feature integration...
⚡ Testing performance and responsiveness...
🚪 Testing logout functionality...
🎉 Complete User Journey Test Completed Successfully!
📊 All phases passed - MotionMingle is ready for production!
⚠️ Projects navigation attempt 1 failed: page.goto: net::ERR_ABORTED at http://localhost:8081/projects
Call log:
[2m  - navigating to "http://localhost:8081/projects", waiting until "load"[22m

    at NavigationHelpers.goToProjects [90m(/Users/adannaveed/Desktop/FYP CODE/motionmingle/[39mtests/e2e/utils/test-helpers.ts:436:27[90m)[39m
    at [90m/Users/adannaveed/Desktop/FYP CODE/motionmingle/[39mtests/e2e/workflows/complete-user-journey.spec.ts:89:19
    at [90m/Users/adannaveed/Desktop/FYP CODE/motionmingle/[39mtests/e2e/workflows/complete-user-journey.spec.ts:84:10 {
  name: [32m'Error'[39m,
  [[32mSymbol(step)[39m]: {
    stepId: [32m'pw:api@49'[39m,
    location: {
      file: [32m'/Users/adannaveed/Desktop/FYP CODE/motionmingle/tests/e2e/utils/test-helpers.ts'[39m,
      line: [33m436[39m,
      column: [33m27[39m,
      function: [32m'NavigationHelpers.goToProjects'[39m
    },
    category: [32m'pw:api'[39m,
    title: [32m'page.goto(/projects)'[39m,
    apiName: [32m'page.goto'[39m,
    params: { url: [32m'/projects'[39m, timeout: [33m15000[39m, waitUntil: [32m'load'[39m },
    boxedStack: [90mundefined[39m,
    steps: [],
    attachmentIndices: [],
    info: TestStepInfoImpl {
      annotations: [],
      _testInfo: [36m[TestInfoImpl][39m,
      _stepId: [32m'pw:api@49'[39m
    },
    complete: [36m[Function: complete][39m,
    endWallTime: [33m1749474649416[39m,
    error: {
      message: [32m'Error: page.goto: net::ERR_ABORTED at http://localhost:8081/projects\n'[39m +
        [32m'Call log:\n'[39m +
        [32m'\x1B[2m  - navigating to "http://localhost:8081/projects", waiting until "load"\x1B[22m\n'[39m,
      stack: [32m'Error: page.goto: net::ERR_ABORTED at http://localhost:8081/projects\n'[39m +
        [32m'Call log:\n'[39m +
        [32m'\x1B[2m  - navigating to "http://localhost:8081/projects", waiting until "load"\x1B[22m\n'[39m +
        [32m'\n'[39m +
        [32m'    at NavigationHelpers.goToProjects (/Users/adannaveed/Desktop/FYP CODE/motionmingle/tests/e2e/utils/test-helpers.ts:436:27)\n'[39m +
        [32m'    at /Users/adannaveed/Desktop/FYP CODE/motionmingle/tests/e2e/workflows/complete-user-journey.spec.ts:89:19\n'[39m +
        [32m'    at /Users/adannaveed/Desktop/FYP CODE/motionmingle/tests/e2e/workflows/complete-user-journey.spec.ts:84:10'[39m,
      cause: [90mundefined[39m
    }
  }
}
⚠️ Tasks navigation attempt 1 failed: page.goto: net::ERR_ABORTED at http://localhost:8081/tasks
Call log:
[2m  - navigating to "http://localhost:8081/tasks", waiting until "domcontentloaded"[22m

    at NavigationHelpers.goToTasks [90m(/Users/adannaveed/Desktop/FYP CODE/motionmingle/[39mtests/e2e/utils/test-helpers.ts:353:27[90m)[39m
    at [90m/Users/adannaveed/Desktop/FYP CODE/motionmingle/[39mtests/e2e/workflows/complete-user-journey.spec.ts:110:19
    at [90m/Users/adannaveed/Desktop/FYP CODE/motionmingle/[39mtests/e2e/workflows/complete-user-journey.spec.ts:105:10 {
  name: [32m'Error'[39m,
  [[32mSymbol(step)[39m]: {
    stepId: [32m'pw:api@51'[39m,
    location: {
      file: [32m'/Users/adannaveed/Desktop/FYP CODE/motionmingle/tests/e2e/utils/test-helpers.ts'[39m,
      line: [33m353[39m,
      column: [33m27[39m,
      function: [32m'NavigationHelpers.goToTasks'[39m
    },
    category: [32m'pw:api'[39m,
    title: [32m'page.goto(/tasks)'[39m,
    apiName: [32m'page.goto'[39m,
    params: { url: [32m'/tasks'[39m, timeout: [33m10000[39m, waitUntil: [32m'domcontentloaded'[39m },
    boxedStack: [90mundefined[39m,
    steps: [],
    attachmentIndices: [],
    info: TestStepInfoImpl {
      annotations: [],
      _testInfo: [36m[TestInfoImpl][39m,
      _stepId: [32m'pw:api@51'[39m
    },
    complete: [36m[Function: complete][39m,
    endWallTime: [33m1749474649449[39m,
    error: {
      message: [32m'Error: page.goto: net::ERR_ABORTED at http://localhost:8081/tasks\n'[39m +
        [32m'Call log:\n'[39m +
        [32m'\x1B[2m  - navigating to "http://localhost:8081/tasks", waiting until "domcontentloaded"\x1B[22m\n'[39m,
      stack: [32m'Error: page.goto: net::ERR_ABORTED at http://localhost:8081/tasks\n'[39m +
        [32m'Call log:\n'[39m +
        [32m'\x1B[2m  - navigating to "http://localhost:8081/tasks", waiting until "domcontentloaded"\x1B[22m\n'[39m +
        [32m'\n'[39m +
        [32m'    at NavigationHelpers.goToTasks (/Users/adannaveed/Desktop/FYP CODE/motionmingle/tests/e2e/utils/test-helpers.ts:353:27)\n'[39m +
        [32m'    at /Users/adannaveed/Desktop/FYP CODE/motionmingle/tests/e2e/workflows/complete-user-journey.spec.ts:110:19\n'[39m +
        [32m'    at /Users/adannaveed/Desktop/FYP CODE/motionmingle/tests/e2e/workflows/complete-user-journey.spec.ts:105:10'[39m,
      cause: [90mundefined[39m
    }
  }
}
⚠️ Calendar navigation attempt 1 failed: page.goto: net::ERR_ABORTED at http://localhost:8081/calendar
Call log:
[2m  - navigating to "http://localhost:8081/calendar", waiting until "domcontentloaded"[22m

    at NavigationHelpers.goToCalendar [90m(/Users/adannaveed/Desktop/FYP CODE/motionmingle/[39mtests/e2e/utils/test-helpers.ts:400:27[90m)[39m
    at [90m/Users/adannaveed/Desktop/FYP CODE/motionmingle/[39mtests/e2e/workflows/complete-user-journey.spec.ts:133:19
    at [90m/Users/adannaveed/Desktop/FYP CODE/motionmingle/[39mtests/e2e/workflows/complete-user-journey.spec.ts:128:10 {
  name: [32m'Error'[39m,
  [[32mSymbol(step)[39m]: {
    stepId: [32m'pw:api@53'[39m,
    location: {
      file: [32m'/Users/adannaveed/Desktop/FYP CODE/motionmingle/tests/e2e/utils/test-helpers.ts'[39m,
      line: [33m400[39m,
      column: [33m27[39m,
      function: [32m'NavigationHelpers.goToCalendar'[39m
    },
    category: [32m'pw:api'[39m,
    title: [32m'page.goto(/calendar)'[39m,
    apiName: [32m'page.goto'[39m,
    params: { url: [32m'/calendar'[39m, timeout: [33m10000[39m, waitUntil: [32m'domcontentloaded'[39m },
    boxedStack: [90mundefined[39m,
    steps: [],
    attachmentIndices: [],
    info: TestStepInfoImpl {
      annotations: [],
      _testInfo: [36m[TestInfoImpl][39m,
      _stepId: [32m'pw:api@53'[39m
    },
    complete: [36m[Function: complete][39m,
    endWallTime: [33m1749474649483[39m,
    error: {
      message: [32m'Error: page.goto: net::ERR_ABORTED at http://localhost:8081/calendar\n'[39m +
        [32m'Call log:\n'[39m +
        [32m'\x1B[2m  - navigating to "http://localhost:8081/calendar", waiting until "domcontentloaded"\x1B[22m\n'[39m,
      stack: [32m'Error: page.goto: net::ERR_ABORTED at http://localhost:8081/calendar\n'[39m +
        [32m'Call log:\n'[39m +
        [32m'\x1B[2m  - navigating to "http://localhost:8081/calendar", waiting until "domcontentloaded"\x1B[22m\n'[39m +
        [32m'\n'[39m +
        [32m'    at NavigationHelpers.goToCalendar (/Users/adannaveed/Desktop/FYP CODE/motionmingle/tests/e2e/utils/test-helpers.ts:400:27)\n'[39m +
        [32m'    at /Users/adannaveed/Desktop/FYP CODE/motionmingle/tests/e2e/workflows/complete-user-journey.spec.ts:133:19\n'[39m +
        [32m'    at /Users/adannaveed/Desktop/FYP CODE/motionmingle/tests/e2e/workflows/complete-user-journey.spec.ts:128:10'[39m,
      cause: [90mundefined[39m
    }
  }
}
⚠️ Failed to navigate to files: page.goto: net::ERR_ABORTED at http://localhost:8081/files
Call log:
[2m  - navigating to "http://localhost:8081/files", waiting until "load"[22m

    at NavigationHelpers.goToFiles [90m(/Users/adannaveed/Desktop/FYP CODE/motionmingle/[39mtests/e2e/utils/test-helpers.ts:466:23[90m)[39m
    at [90m/Users/adannaveed/Desktop/FYP CODE/motionmingle/[39mtests/e2e/workflows/complete-user-journey.spec.ts:177:19
    at [90m/Users/adannaveed/Desktop/FYP CODE/motionmingle/[39mtests/e2e/workflows/complete-user-journey.spec.ts:172:10 {
  name: [32m'Error'[39m,
  [[32mSymbol(step)[39m]: {
    stepId: [32m'pw:api@57'[39m,
    location: {
      file: [32m'/Users/adannaveed/Desktop/FYP CODE/motionmingle/tests/e2e/utils/test-helpers.ts'[39m,
      line: [33m466[39m,
      column: [33m23[39m,
      function: [32m'NavigationHelpers.goToFiles'[39m
    },
    category: [32m'pw:api'[39m,
    title: [32m'page.goto(/files)'[39m,
    apiName: [32m'page.goto'[39m,
    params: { url: [32m'/files'[39m, timeout: [33m15000[39m, waitUntil: [32m'load'[39m },
    boxedStack: [90mundefined[39m,
    steps: [],
    attachmentIndices: [],
    info: TestStepInfoImpl {
      annotations: [],
      _testInfo: [36m[TestInfoImpl][39m,
      _stepId: [32m'pw:api@57'[39m
    },
    complete: [36m[Function: complete][39m,
    endWallTime: [33m1749474649517[39m,
    error: {
      message: [32m'Error: page.goto: net::ERR_ABORTED at http://localhost:8081/files\n'[39m +
        [32m'Call log:\n'[39m +
        [32m'\x1B[2m  - navigating to "http://localhost:8081/files", waiting until "load"\x1B[22m\n'[39m,
      stack: [32m'Error: page.goto: net::ERR_ABORTED at http://localhost:8081/files\n'[39m +
        [32m'Call log:\n'[39m +
        [32m'\x1B[2m  - navigating to "http://localhost:8081/files", waiting until "load"\x1B[22m\n'[39m +
        [32m'\n'[39m +
        [32m'    at NavigationHelpers.goToFiles (/Users/adannaveed/Desktop/FYP CODE/motionmingle/tests/e2e/utils/test-helpers.ts:466:23)\n'[39m +
        [32m'    at /Users/adannaveed/Desktop/FYP CODE/motionmingle/tests/e2e/workflows/complete-user-journey.spec.ts:177:19\n'[39m +
        [32m'    at /Users/adannaveed/Desktop/FYP CODE/motionmingle/tests/e2e/workflows/complete-user-journey.spec.ts:172:10'[39m,
      cause: [90mundefined[39m
    }
  }
}
⚠️ Failed to navigate to timer: page.goto: net::ERR_ABORTED at http://localhost:8081/timer
Call log:
[2m  - navigating to "http://localhost:8081/timer", waiting until "load"[22m

    at NavigationHelpers.goToTimer [90m(/Users/adannaveed/Desktop/FYP CODE/motionmingle/[39mtests/e2e/utils/test-helpers.ts:516:23[90m)[39m
    at [90m/Users/adannaveed/Desktop/FYP CODE/motionmingle/[39mtests/e2e/workflows/complete-user-journey.spec.ts:195:19
    at [90m/Users/adannaveed/Desktop/FYP CODE/motionmingle/[39mtests/e2e/workflows/complete-user-journey.spec.ts:190:10 {
  name: [32m'Error'[39m,
  [[32mSymbol(step)[39m]: {
    stepId: [32m'pw:api@59'[39m,
    location: {
      file: [32m'/Users/adannaveed/Desktop/FYP CODE/motionmingle/tests/e2e/utils/test-helpers.ts'[39m,
      line: [33m516[39m,
      column: [33m23[39m,
      function: [32m'NavigationHelpers.goToTimer'[39m
    },
    category: [32m'pw:api'[39m,
    title: [32m'page.goto(/timer)'[39m,
    apiName: [32m'page.goto'[39m,
    params: { url: [32m'/timer'[39m, timeout: [33m15000[39m, waitUntil: [32m'load'[39m },
    boxedStack: [90mundefined[39m,
    steps: [],
    attachmentIndices: [],
    info: TestStepInfoImpl {
      annotations: [],
      _testInfo: [36m[TestInfoImpl][39m,
      _stepId: [32m'pw:api@59'[39m
    },
    complete: [36m[Function: complete][39m,
    endWallTime: [33m1749474649551[39m,
    error: {
      message: [32m'Error: page.goto: net::ERR_ABORTED at http://localhost:8081/timer\n'[39m +
        [32m'Call log:\n'[39m +
        [32m'\x1B[2m  - navigating to "http://localhost:8081/timer", waiting until "load"\x1B[22m\n'[39m,
      stack: [32m'Error: page.goto: net::ERR_ABORTED at http://localhost:8081/timer\n'[39m +
        [32m'Call log:\n'[39m +
        [32m'\x1B[2m  - navigating to "http://localhost:8081/timer", waiting until "load"\x1B[22m\n'[39m +
        [32m'\n'[39m +
        [32m'    at NavigationHelpers.goToTimer (/Users/adannaveed/Desktop/FYP CODE/motionmingle/tests/e2e/utils/test-helpers.ts:516:23)\n'[39m +
        [32m'    at /Users/adannaveed/Desktop/FYP CODE/motionmingle/tests/e2e/workflows/complete-user-journey.spec.ts:195:19\n'[39m +
        [32m'    at /Users/adannaveed/Desktop/FYP CODE/motionmingle/tests/e2e/workflows/complete-user-journey.spec.ts:190:10'[39m,
      cause: [90mundefined[39m
    }
  }
}
⚠️ Timer navigation failed, continuing test
⏱️ Starting timer...
⚠️ Failed to navigate to notes: page.goto: net::ERR_ABORTED at http://localhost:8081/notes
Call log:
[2m  - navigating to "http://localhost:8081/notes", waiting until "load"[22m

    at NavigationHelpers.goToNotes [90m(/Users/adannaveed/Desktop/FYP CODE/motionmingle/[39mtests/e2e/utils/test-helpers.ts:531:23[90m)[39m
    at [90m/Users/adannaveed/Desktop/FYP CODE/motionmingle/[39mtests/e2e/workflows/complete-user-journey.spec.ts:215:19
    at [90m/Users/adannaveed/Desktop/FYP CODE/motionmingle/[39mtests/e2e/workflows/complete-user-journey.spec.ts:210:10 {
  name: [32m'Error'[39m,
  [[32mSymbol(step)[39m]: {
    stepId: [32m'pw:api@61'[39m,
    location: {
      file: [32m'/Users/adannaveed/Desktop/FYP CODE/motionmingle/tests/e2e/utils/test-helpers.ts'[39m,
      line: [33m531[39m,
      column: [33m23[39m,
      function: [32m'NavigationHelpers.goToNotes'[39m
    },
    category: [32m'pw:api'[39m,
    title: [32m'page.goto(/notes)'[39m,
    apiName: [32m'page.goto'[39m,
    params: { url: [32m'/notes'[39m, timeout: [33m15000[39m, waitUntil: [32m'load'[39m },
    boxedStack: [90mundefined[39m,
    steps: [],
    attachmentIndices: [],
    info: TestStepInfoImpl {
      annotations: [],
      _testInfo: [36m[TestInfoImpl][39m,
      _stepId: [32m'pw:api@61'[39m
    },
    complete: [36m[Function: complete][39m,
    endWallTime: [33m1749474649583[39m,
    error: {
      message: [32m'Error: page.goto: net::ERR_ABORTED at http://localhost:8081/notes\n'[39m +
        [32m'Call log:\n'[39m +
        [32m'\x1B[2m  - navigating to "http://localhost:8081/notes", waiting until "load"\x1B[22m\n'[39m,
      stack: [32m'Error: page.goto: net::ERR_ABORTED at http://localhost:8081/notes\n'[39m +
        [32m'Call log:\n'[39m +
        [32m'\x1B[2m  - navigating to "http://localhost:8081/notes", waiting until "load"\x1B[22m\n'[39m +
        [32m'\n'[39m +
        [32m'    at NavigationHelpers.goToNotes (/Users/adannaveed/Desktop/FYP CODE/motionmingle/tests/e2e/utils/test-helpers.ts:531:23)\n'[39m +
        [32m'    at /Users/adannaveed/Desktop/FYP CODE/motionmingle/tests/e2e/workflows/complete-user-journey.spec.ts:215:19\n'[39m +
        [32m'    at /Users/adannaveed/Desktop/FYP CODE/motionmingle/tests/e2e/workflows/complete-user-journey.spec.ts:210:10'[39m,
      cause: [90mundefined[39m
    }
  }
}
⚠️ Notes navigation failed, continuing test
⚠️ Dashboard navigation attempt 1 failed: page.goto: net::ERR_ABORTED at http://localhost:8081/
Call log:
[2m  - navigating to "http://localhost:8081/", waiting until "load"[22m

    at [90m/Users/adannaveed/Desktop/FYP CODE/motionmingle/[39mtests/e2e/workflows/complete-user-journey.spec.ts:235:24
    at [90m/Users/adannaveed/Desktop/FYP CODE/motionmingle/[39mtests/e2e/workflows/complete-user-journey.spec.ts:227:10 {
  name: [32m'Error'[39m,
  [[32mSymbol(step)[39m]: {
    stepId: [32m'pw:api@63'[39m,
    location: {
      file: [32m'/Users/adannaveed/Desktop/FYP CODE/motionmingle/tests/e2e/workflows/complete-user-journey.spec.ts'[39m,
      line: [33m235[39m,
      column: [33m24[39m
    },
    category: [32m'pw:api'[39m,
    title: [32m'page.goto(/)'[39m,
    apiName: [32m'page.goto'[39m,
    params: { url: [32m'/'[39m, timeout: [33m15000[39m, waitUntil: [32m'load'[39m },
    boxedStack: [90mundefined[39m,
    steps: [],
    attachmentIndices: [],
    info: TestStepInfoImpl {
      annotations: [],
      _testInfo: [36m[TestInfoImpl][39m,
      _stepId: [32m'pw:api@63'[39m
    },
    complete: [36m[Function: complete][39m,
    endWallTime: [33m1749474649615[39m,
    error: {
      message: [32m'Error: page.goto: net::ERR_ABORTED at http://localhost:8081/\n'[39m +
        [32m'Call log:\n'[39m +
        [32m'\x1B[2m  - navigating to "http://localhost:8081/", waiting until "load"\x1B[22m\n'[39m,
      stack: [32m'Error: page.goto: net::ERR_ABORTED at http://localhost:8081/\n'[39m +
        [32m'Call log:\n'[39m +
        [32m'\x1B[2m  - navigating to "http://localhost:8081/", waiting until "load"\x1B[22m\n'[39m +
        [32m'\n'[39m +
        [32m'    at /Users/adannaveed/Desktop/FYP CODE/motionmingle/tests/e2e/workflows/complete-user-journey.spec.ts:235:24\n'[39m +
        [32m'    at /Users/adannaveed/Desktop/FYP CODE/motionmingle/tests/e2e/workflows/complete-user-journey.spec.ts:227:10'[39m,
      cause: [90mundefined[39m
    }
  }
}
⚠️ Page load timeout for /: 307ms
⚠️ Could not navigate to dashboard for logout test
🚪 Logging out...
⚠️ Tasks navigation attempt 2 failed: page.goto: net::ERR_ABORTED at http://localhost:8081/tasks
Call log:
[2m  - navigating to "http://localhost:8081/tasks", waiting until "domcontentloaded"[22m

    at NavigationHelpers.goToTasks [90m(/Users/adannaveed/Desktop/FYP CODE/motionmingle/[39mtests/e2e/utils/test-helpers.ts:353:27[90m)[39m
    at [90m/Users/adannaveed/Desktop/FYP CODE/motionmingle/[39mtests/e2e/workflows/complete-user-journey.spec.ts:110:9 {
  name: [32m'Error'[39m,
  [[32mSymbol(step)[39m]: {
    stepId: [32m'pw:api@74'[39m,
    location: {
      file: [32m'/Users/adannaveed/Desktop/FYP CODE/motionmingle/tests/e2e/utils/test-helpers.ts'[39m,
      line: [33m353[39m,
      column: [33m27[39m,
      function: [32m'NavigationHelpers.goToTasks'[39m
    },
    category: [32m'pw:api'[39m,
    title: [32m'page.goto(/tasks)'[39m,
    apiName: [32m'page.goto'[39m,
    params: { url: [32m'/tasks'[39m, timeout: [33m10000[39m, waitUntil: [32m'domcontentloaded'[39m },
    boxedStack: [90mundefined[39m,
    steps: [],
    attachmentIndices: [],
    info: TestStepInfoImpl {
      annotations: [],
      _testInfo: [36m[TestInfoImpl][39m,
      _stepId: [32m'pw:api@74'[39m
    },
    complete: [36m[Function: complete][39m,
    endWallTime: [33m1749474649717[39m,
    error: {
      message: [32m'Error: page.goto: net::ERR_ABORTED at http://localhost:8081/tasks\n'[39m +
        [32m'Call log:\n'[39m +
        [32m'\x1B[2m  - navigating to "http://localhost:8081/tasks", waiting until "domcontentloaded"\x1B[22m\n'[39m,
      stack: [32m'Error: page.goto: net::ERR_ABORTED at http://localhost:8081/tasks\n'[39m +
        [32m'Call log:\n'[39m +
        [32m'\x1B[2m  - navigating to "http://localhost:8081/tasks", waiting until "domcontentloaded"\x1B[22m\n'[39m +
        [32m'\n'[39m +
        [32m'    at NavigationHelpers.goToTasks (/Users/adannaveed/Desktop/FYP CODE/motionmingle/tests/e2e/utils/test-helpers.ts:353:27)\n'[39m +
        [32m'    at /Users/adannaveed/Desktop/FYP CODE/motionmingle/tests/e2e/workflows/complete-user-journey.spec.ts:110:9'[39m,
      cause: [90mundefined[39m
    }
  }
}
⚠️ Calendar navigation attempt 2 failed: page.goto: net::ERR_ABORTED at http://localhost:8081/calendar
Call log:
[2m  - navigating to "http://localhost:8081/calendar", waiting until "domcontentloaded"[22m

    at NavigationHelpers.goToCalendar [90m(/Users/adannaveed/Desktop/FYP CODE/motionmingle/[39mtests/e2e/utils/test-helpers.ts:400:27[90m)[39m
    at [90m/Users/adannaveed/Desktop/FYP CODE/motionmingle/[39mtests/e2e/workflows/complete-user-journey.spec.ts:133:9 {
  name: [32m'Error'[39m,
  [[32mSymbol(step)[39m]: {
    stepId: [32m'pw:api@76'[39m,
    location: {
      file: [32m'/Users/adannaveed/Desktop/FYP CODE/motionmingle/tests/e2e/utils/test-helpers.ts'[39m,
      line: [33m400[39m,
      column: [33m27[39m,
      function: [32m'NavigationHelpers.goToCalendar'[39m
    },
    category: [32m'pw:api'[39m,
    title: [32m'page.goto(/calendar)'[39m,
    apiName: [32m'page.goto'[39m,
    params: { url: [32m'/calendar'[39m, timeout: [33m10000[39m, waitUntil: [32m'domcontentloaded'[39m },
    boxedStack: [90mundefined[39m,
    steps: [],
    attachmentIndices: [],
    info: TestStepInfoImpl {
      annotations: [],
      _testInfo: [36m[TestInfoImpl][39m,
      _stepId: [32m'pw:api@76'[39m
    },
    complete: [36m[Function: complete][39m,
    endWallTime: [33m1749474649751[39m,
    error: {
      message: [32m'Error: page.goto: net::ERR_ABORTED at http://localhost:8081/calendar\n'[39m +
        [32m'Call log:\n'[39m +
        [32m'\x1B[2m  - navigating to "http://localhost:8081/calendar", waiting until "domcontentloaded"\x1B[22m\n'[39m,
      stack: [32m'Error: page.goto: net::ERR_ABORTED at http://localhost:8081/calendar\n'[39m +
        [32m'Call log:\n'[39m +
        [32m'\x1B[2m  - navigating to "http://localhost:8081/calendar", waiting until "domcontentloaded"\x1B[22m\n'[39m +
        [32m'\n'[39m +
        [32m'    at NavigationHelpers.goToCalendar (/Users/adannaveed/Desktop/FYP CODE/motionmingle/tests/e2e/utils/test-helpers.ts:400:27)\n'[39m +
        [32m'    at /Users/adannaveed/Desktop/FYP CODE/motionmingle/tests/e2e/workflows/complete-user-journey.spec.ts:133:9'[39m,
      cause: [90mundefined[39m
    }
  }
}
⚠️ Files navigation failed completely, continuing test
⚠️ Dashboard navigation attempt 2 failed: page.goto: net::ERR_ABORTED at http://localhost:8081/
Call log:
[2m  - navigating to "http://localhost:8081/", waiting until "load"[22m

    at [90m/Users/adannaveed/Desktop/FYP CODE/motionmingle/[39mtests/e2e/workflows/complete-user-journey.spec.ts:235:24 {
  name: [32m'Error'[39m,
  [[32mSymbol(step)[39m]: {
    stepId: [32m'pw:api@81'[39m,
    location: {
      file: [32m'/Users/adannaveed/Desktop/FYP CODE/motionmingle/tests/e2e/workflows/complete-user-journey.spec.ts'[39m,
      line: [33m235[39m,
      column: [33m24[39m
    },
    category: [32m'pw:api'[39m,
    title: [32m'page.goto(/)'[39m,
    apiName: [32m'page.goto'[39m,
    params: { url: [32m'/'[39m, timeout: [33m15000[39m, waitUntil: [32m'load'[39m },
    boxedStack: [90mundefined[39m,
    steps: [],
    attachmentIndices: [],
    info: TestStepInfoImpl {
      annotations: [],
      _testInfo: [36m[TestInfoImpl][39m,
      _stepId: [32m'pw:api@81'[39m
    },
    complete: [36m[Function: complete][39m,
    endWallTime: [33m1749474649817[39m,
    error: {
      message: [32m'Error: page.goto: net::ERR_ABORTED at http://localhost:8081/\n'[39m +
        [32m'Call log:\n'[39m +
        [32m'\x1B[2m  - navigating to "http://localhost:8081/", waiting until "load"\x1B[22m\n'[39m,
      stack: [32m'Error: page.goto: net::ERR_ABORTED at http://localhost:8081/\n'[39m +
        [32m'Call log:\n'[39m +
        [32m'\x1B[2m  - navigating to "http://localhost:8081/", waiting until "load"\x1B[22m\n'[39m +
        [32m'\n'[39m +
        [32m'    at /Users/adannaveed/Desktop/FYP CODE/motionmingle/tests/e2e/workflows/complete-user-journey.spec.ts:235:24'[39m,
      cause: [90mundefined[39m
    }
  }
}
⚠️ Page load timeout for /tasks: 205ms
⚠️ Logout test failed, continuing: page.goto: net::ERR_ABORTED at http://localhost:8081/
Call log:
[2m  - navigating to "http://localhost:8081/", waiting until "load"[22m

    at AuthHelpers.logout [90m(/Users/adannaveed/Desktop/FYP CODE/motionmingle/[39mtests/e2e/utils/test-helpers.ts:291:21[90m)[39m
    at [90m/Users/adannaveed/Desktop/FYP CODE/motionmingle/[39mtests/e2e/workflows/complete-user-journey.spec.ts:320:20 {
  name: [32m'Error'[39m,
  [[32mSymbol(step)[39m]: {
    stepId: [32m'pw:api@83'[39m,
    location: {
      file: [32m'/Users/adannaveed/Desktop/FYP CODE/motionmingle/tests/e2e/utils/test-helpers.ts'[39m,
      line: [33m291[39m,
      column: [33m21[39m,
      function: [32m'AuthHelpers.logout'[39m
    },
    category: [32m'pw:api'[39m,
    title: [32m'page.goto(/)'[39m,
    apiName: [32m'page.goto'[39m,
    params: { url: [32m'/'[39m, waitUntil: [32m'load'[39m },
    boxedStack: [90mundefined[39m,
    steps: [],
    attachmentIndices: [],
    info: TestStepInfoImpl {
      annotations: [],
      _testInfo: [36m[TestInfoImpl][39m,
      _stepId: [32m'pw:api@83'[39m
    },
    complete: [36m[Function: complete][39m,
    endWallTime: [33m1749474649886[39m,
    error: {
      message: [32m'Error: page.goto: net::ERR_ABORTED at http://localhost:8081/\n'[39m +
        [32m'Call log:\n'[39m +
        [32m'\x1B[2m  - navigating to "http://localhost:8081/", waiting until "load"\x1B[22m\n'[39m,
      stack: [32m'Error: page.goto: net::ERR_ABORTED at http://localhost:8081/\n'[39m +
        [32m'Call log:\n'[39m +
        [32m'\x1B[2m  - navigating to "http://localhost:8081/", waiting until "load"\x1B[22m\n'[39m +
        [32m'\n'[39m +
        [32m'    at AuthHelpers.logout (/Users/adannaveed/Desktop/FYP CODE/motionmingle/tests/e2e/utils/test-helpers.ts:291:21)\n'[39m +
        [32m'    at /Users/adannaveed/Desktop/FYP CODE/motionmingle/tests/e2e/workflows/complete-user-journey.spec.ts:320:20'[39m,
      cause: [90mundefined[39m
    }
  }
}
⚠️ Tasks navigation attempt 3 failed: page.goto: net::ERR_ABORTED at http://localhost:8081/tasks
Call log:
[2m  - navigating to "http://localhost:8081/tasks", waiting until "domcontentloaded"[22m

    at NavigationHelpers.goToTasks [90m(/Users/adannaveed/Desktop/FYP CODE/motionmingle/[39mtests/e2e/utils/test-helpers.ts:353:27[90m)[39m
    at [90m/Users/adannaveed/Desktop/FYP CODE/motionmingle/[39mtests/e2e/workflows/complete-user-journey.spec.ts:110:9 {
  name: [32m'Error'[39m,
  [[32mSymbol(step)[39m]: {
    stepId: [32m'pw:api@85'[39m,
    location: {
      file: [32m'/Users/adannaveed/Desktop/FYP CODE/motionmingle/tests/e2e/utils/test-helpers.ts'[39m,
      line: [33m353[39m,
      column: [33m27[39m,
      function: [32m'NavigationHelpers.goToTasks'[39m
    },
    category: [32m'pw:api'[39m,
    title: [32m'page.goto(/tasks)'[39m,
    apiName: [32m'page.goto'[39m,
    params: { url: [32m'/tasks'[39m, timeout: [33m10000[39m, waitUntil: [32m'domcontentloaded'[39m },
    boxedStack: [90mundefined[39m,
    steps: [],
    attachmentIndices: [],
    info: TestStepInfoImpl {
      annotations: [],
      _testInfo: [36m[TestInfoImpl][39m,
      _stepId: [32m'pw:api@85'[39m
    },
    complete: [36m[Function: complete][39m,
    endWallTime: [33m1749474649920[39m,
    error: {
      message: [32m'Error: page.goto: net::ERR_ABORTED at http://localhost:8081/tasks\n'[39m +
        [32m'Call log:\n'[39m +
        [32m'\x1B[2m  - navigating to "http://localhost:8081/tasks", waiting until "domcontentloaded"\x1B[22m\n'[39m,
      stack: [32m'Error: page.goto: net::ERR_ABORTED at http://localhost:8081/tasks\n'[39m +
        [32m'Call log:\n'[39m +
        [32m'\x1B[2m  - navigating to "http://localhost:8081/tasks", waiting until "domcontentloaded"\x1B[22m\n'[39m +
        [32m'\n'[39m +
        [32m'    at NavigationHelpers.goToTasks (/Users/adannaveed/Desktop/FYP CODE/motionmingle/tests/e2e/utils/test-helpers.ts:353:27)\n'[39m +
        [32m'    at /Users/adannaveed/Desktop/FYP CODE/motionmingle/tests/e2e/workflows/complete-user-journey.spec.ts:110:9'[39m,
      cause: [90mundefined[39m
    }
  }
}
⚠️ Tasks navigation failed, continuing test
📋 Creating task: Setup project structure
✅ Notes functionality completed
⚠️ Calendar navigation attempt 3 failed: page.goto: net::ERR_ABORTED at http://localhost:8081/calendar
Call log:
[2m  - navigating to "http://localhost:8081/calendar", waiting until "domcontentloaded"[22m

    at NavigationHelpers.goToCalendar [90m(/Users/adannaveed/Desktop/FYP CODE/motionmingle/[39mtests/e2e/utils/test-helpers.ts:400:27[90m)[39m
    at [90m/Users/adannaveed/Desktop/FYP CODE/motionmingle/[39mtests/e2e/workflows/complete-user-journey.spec.ts:133:9 {
  name: [32m'Error'[39m,
  [[32mSymbol(step)[39m]: {
    stepId: [32m'pw:api@87'[39m,
    location: {
      file: [32m'/Users/adannaveed/Desktop/FYP CODE/motionmingle/tests/e2e/utils/test-helpers.ts'[39m,
      line: [33m400[39m,
      column: [33m27[39m,
      function: [32m'NavigationHelpers.goToCalendar'[39m
    },
    category: [32m'pw:api'[39m,
    title: [32m'page.goto(/calendar)'[39m,
    apiName: [32m'page.goto'[39m,
    params: { url: [32m'/calendar'[39m, timeout: [33m10000[39m, waitUntil: [32m'domcontentloaded'[39m },
    boxedStack: [90mundefined[39m,
    steps: [],
    attachmentIndices: [],
    info: TestStepInfoImpl {
      annotations: [],
      _testInfo: [36m[TestInfoImpl][39m,
      _stepId: [32m'pw:api@87'[39m
    },
    complete: [36m[Function: complete][39m,
    endWallTime: [33m1749474649953[39m,
    error: {
      message: [32m'Error: page.goto: net::ERR_ABORTED at http://localhost:8081/calendar\n'[39m +
        [32m'Call log:\n'[39m +
        [32m'\x1B[2m  - navigating to "http://localhost:8081/calendar", waiting until "domcontentloaded"\x1B[22m\n'[39m,
      stack: [32m'Error: page.goto: net::ERR_ABORTED at http://localhost:8081/calendar\n'[39m +
        [32m'Call log:\n'[39m +
        [32m'\x1B[2m  - navigating to "http://localhost:8081/calendar", waiting until "domcontentloaded"\x1B[22m\n'[39m +
        [32m'\n'[39m +
        [32m'    at NavigationHelpers.goToCalendar (/Users/adannaveed/Desktop/FYP CODE/motionmingle/tests/e2e/utils/test-helpers.ts:400:27)\n'[39m +
        [32m'    at /Users/adannaveed/Desktop/FYP CODE/motionmingle/tests/e2e/workflows/complete-user-journey.spec.ts:133:9'[39m,
      cause: [90mundefined[39m
    }
  }
}
⚠️ Calendar navigation failed, continuing test
📅 Creating event: Project Kickoff Meeting
⚠️ Dashboard navigation attempt 3 failed: page.goto: net::ERR_ABORTED at http://localhost:8081/
Call log:
[2m  - navigating to "http://localhost:8081/", waiting until "load"[22m

    at [90m/Users/adannaveed/Desktop/FYP CODE/motionmingle/[39mtests/e2e/workflows/complete-user-journey.spec.ts:235:24 {
  name: [32m'Error'[39m,
  [[32mSymbol(step)[39m]: {
    stepId: [32m'pw:api@90'[39m,
    location: {
      file: [32m'/Users/adannaveed/Desktop/FYP CODE/motionmingle/tests/e2e/workflows/complete-user-journey.spec.ts'[39m,
      line: [33m235[39m,
      column: [33m24[39m
    },
    category: [32m'pw:api'[39m,
    title: [32m'page.goto(/)'[39m,
    apiName: [32m'page.goto'[39m,
    params: { url: [32m'/'[39m, timeout: [33m15000[39m, waitUntil: [32m'load'[39m },
    boxedStack: [90mundefined[39m,
    steps: [],
    attachmentIndices: [],
    info: TestStepInfoImpl {
      annotations: [],
      _testInfo: [36m[TestInfoImpl][39m,
      _stepId: [32m'pw:api@90'[39m
    },
    complete: [36m[Function: complete][39m,
    endWallTime: [33m1749474649987[39m,
    error: {
      message: [32m'Error: page.goto: net::ERR_ABORTED at http://localhost:8081/\n'[39m +
        [32m'Call log:\n'[39m +
        [32m'\x1B[2m  - navigating to "http://localhost:8081/", waiting until "load"\x1B[22m\n'[39m,
      stack: [32m'Error: page.goto: net::ERR_ABORTED at http://localhost:8081/\n'[39m +
        [32m'Call log:\n'[39m +
        [32m'\x1B[2m  - navigating to "http://localhost:8081/", waiting until "load"\x1B[22m\n'[39m +
        [32m'\n'[39m +
        [32m'    at /Users/adannaveed/Desktop/FYP CODE/motionmingle/tests/e2e/workflows/complete-user-journey.spec.ts:235:24'[39m,
      cause: [90mundefined[39m
    }
  }
}
⚠️ Could not load dashboard, skipping integration test
✅ Cross-feature integration verified
✅ File management completed
✅ Timer started
⏸️ Pausing timer...
📊 Page load time for /calendar: 201ms
Dashboard load time: 307ms
Tasks load time: 205ms
Calendar load time: 201ms
🔄 Navigating to chat page...
⚠️ Mobile responsiveness test failed: page.goto: net::ERR_ABORTED at http://localhost:8081/
Call log:
[2m  - navigating to "http://localhost:8081/", waiting until "load"[22m

    at [90m/Users/adannaveed/Desktop/FYP CODE/motionmingle/[39mtests/e2e/workflows/complete-user-journey.spec.ts:288:22 {
  name: [32m'Error'[39m,
  [[32mSymbol(step)[39m]: {
    stepId: [32m'pw:api@119'[39m,
    location: {
      file: [32m'/Users/adannaveed/Desktop/FYP CODE/motionmingle/tests/e2e/workflows/complete-user-journey.spec.ts'[39m,
      line: [33m288[39m,
      column: [33m22[39m
    },
    category: [32m'pw:api'[39m,
    title: [32m'page.goto(/)'[39m,
    apiName: [32m'page.goto'[39m,
    params: { url: [32m'/'[39m, timeout: [33m15000[39m, waitUntil: [32m'load'[39m },
    boxedStack: [90mundefined[39m,
    steps: [],
    attachmentIndices: [],
    info: TestStepInfoImpl {
      annotations: [],
      _testInfo: [36m[TestInfoImpl][39m,
      _stepId: [32m'pw:api@119'[39m
    },
    complete: [36m[Function: complete][39m,
    endWallTime: [33m1749474650146[39m,
[...]
      line: [33m1043[39m,
      column: [33m27[39m,
      function: [32m'CalendarHelpers.createEvent'[39m
    },
    category: [32m'pw:api'[39m,
    title: [32m'page.click(.calendar, [data-testid="calendar"])'[39m,
    apiName: [32m'page.click'[39m,
    params: { selector: [32m'.calendar, [data-testid="calendar"]'[39m, force: [33mtrue[39m },
    boxedStack: [90mundefined[39m,
    steps: [],
    attachmentIndices: [],
    info: TestStepInfoImpl {
      annotations: [],
      _testInfo: [36m[TestInfoImpl][39m,
      _stepId: [32m'pw:api@38'[39m
    },
    complete: [36m[Function: complete][39m,
    endWallTime: [33m1749474658438[39m,
    error: {
      message: [32m'Error: page.click: Test ended.\n'[39m +
        [32m'Call log:\n'[39m +
        [32m`\x1B[2m  - waiting for locator('.calendar, [data-testid="calendar"]')\x1B[22m\n`[39m,
      stack: [32m'Error: page.click: Test ended.\n'[39m +
        [32m'Call log:\n'[39m +
        [32m`\x1B[2m  - waiting for locator('.calendar, [data-testid="calendar"]')\x1B[22m\n`[39m +
        [32m'\n'[39m +
        [32m'    at CalendarHelpers.createEvent (/Users/adannaveed/Desktop/FYP CODE/motionmingle/tests/e2e/utils/test-helpers.ts:1043:27)\n'[39m +
        [32m'    at /Users/adannaveed/Desktop/FYP CODE/motionmingle/tests/e2e/workflows/google-calendar-sync.spec.ts:49:7'[39m,
      cause: [90mundefined[39m
    }
  }
}
✅ Event created in MotionMingle
]]>
</system-out>
</testcase>
<testcase name="Google Calendar Integration E2E › 📅 Recurring Events Sync" classname="workflows/google-calendar-sync.spec.ts" time="0.931">
<system-out>
<![CDATA[🔐 Using existing test user: e2e-test@motionmingle.com
🔐 Login attempt 1...
Current URL: about:blank
📱 Sign-in page loaded successfully
🔄 Redirected to dashboard, waiting for content...
✅ Login successful (detected via: primary)
Final URL after login: http://localhost:8081/
📅 Testing recurring events sync...
📅 Navigating to Calendar...
✅ Calendar page loaded
📅 Creating event: Daily Standup
✅ Recurring event functionality tested
⚠️ Could not find create event button, trying calendar click
⚠️ Could not click on calendar: page.click: Test ended.
Call log:
[2m  - waiting for locator('.calendar, [data-testid="calendar"]')[22m

    at CalendarHelpers.createEvent [90m(/Users/adannaveed/Desktop/FYP CODE/motionmingle/[39mtests/e2e/utils/test-helpers.ts:1043:27[90m)[39m
    at [90m/Users/adannaveed/Desktop/FYP CODE/motionmingle/[39mtests/e2e/workflows/google-calendar-sync.spec.ts:92:9 {
  [[32mSymbol(step)[39m]: {
    stepId: [32m'pw:api@33'[39m,
    location: {
      file: [32m'/Users/adannaveed/Desktop/FYP CODE/motionmingle/tests/e2e/utils/test-helpers.ts'[39m,
      line: [33m1043[39m,
      column: [33m27[39m,
      function: [32m'CalendarHelpers.createEvent'[39m
    },
    category: [32m'pw:api'[39m,
    title: [32m'page.click(.calendar, [data-testid="calendar"])'[39m,
    apiName: [32m'page.click'[39m,
    params: { selector: [32m'.calendar, [data-testid="calendar"]'[39m, force: [33mtrue[39m },
    boxedStack: [90mundefined[39m,
    steps: [],
    attachmentIndices: [],
    info: TestStepInfoImpl {
      annotations: [],
      _testInfo: [36m[TestInfoImpl][39m,
      _stepId: [32m'pw:api@33'[39m
    },
    complete: [36m[Function: complete][39m,
    endWallTime: [33m1749474659371[39m,
    error: {
      message: [32m'Error: page.click: Test ended.\n'[39m +
        [32m'Call log:\n'[39m +
        [32m`\x1B[2m  - waiting for locator('.calendar, [data-testid="calendar"]')\x1B[22m\n`[39m,
      stack: [32m'Error: page.click: Test ended.\n'[39m +
        [32m'Call log:\n'[39m +
        [32m`\x1B[2m  - waiting for locator('.calendar, [data-testid="calendar"]')\x1B[22m\n`[39m +
        [32m'\n'[39m +
        [32m'    at CalendarHelpers.createEvent (/Users/adannaveed/Desktop/FYP CODE/motionmingle/tests/e2e/utils/test-helpers.ts:1043:27)\n'[39m +
        [32m'    at /Users/adannaveed/Desktop/FYP CODE/motionmingle/tests/e2e/workflows/google-calendar-sync.spec.ts:92:9'[39m,
      cause: [90mundefined[39m
    }
  }
}
✅ Recurring event created
]]>
</system-out>
</testcase>
<testcase name="Google Calendar Integration E2E › 🔄 Import from Google Calendar" classname="workflows/google-calendar-sync.spec.ts" time="0.981">
<system-out>
<![CDATA[🔐 Using existing test user: e2e-test@motionmingle.com
🔐 Login attempt 1...
Current URL: about:blank
📱 Sign-in page loaded successfully
🔄 Redirected to dashboard, waiting for content...
✅ Login successful (detected via: primary)
Final URL after login: http://localhost:8081/
🔄 Testing import from Google Calendar...
📅 Navigating to Calendar...
✅ Calendar page loaded
⚠️ Import functionality test failed: ExpectError: [2mexpect([22m[31mlocator[39m[2m).[22mtoBeVisible[2m()[22m

Locator: locator('h1, h2')
Expected: visible
Received: <element(s) not found>
Call log:
[2m  - expect.toBeVisible with timeout 10000ms[22m
[2m  - waiting for locator('h1, h2')[22m

    at [90m/Users/adannaveed/Desktop/FYP CODE/motionmingle/[39mtests/e2e/workflows/google-calendar-sync.spec.ts:124:46
    at [90m/Users/adannaveed/Desktop/FYP CODE/motionmingle/[39mtests/e2e/workflows/google-calendar-sync.spec.ts:121:10 {
  matcherResult: {
    message: [32m'\x1B[2mexpect(\x1B[22m\x1B[31mlocator\x1B[39m\x1B[2m).\x1B[22mtoBeVisible\x1B[2m()\x1B[22m\n'[39m +
      [32m'\n'[39m +
      [32m"Locator: locator('h1, h2')\n"[39m +
      [32m'Expected: visible\n'[39m +
      [32m'Received: <element(s) not found>\n'[39m +
      [32m'Call log:\n'[39m +
      [32m'\x1B[2m  - expect.toBeVisible with timeout 10000ms\x1B[22m\n'[39m +
      [32m"\x1B[2m  - waiting for locator('h1, h2')\x1B[22m\n"[39m,
    pass: [33mfalse[39m,
    actual: [32m'<element(s) not found>'[39m,
    name: [32m'toBeVisible'[39m,
    expected: [32m'visible'[39m,
    log: [
      [32m'  - expect.toBeVisible with timeout 10000ms'[39m,
      [32m"  - waiting for locator('h1, h2')"[39m
    ],
    timeout: [90mundefined[39m
  },
  [[32mSymbol(step)[39m]: {
    stepId: [32m'expect@22'[39m,
    category: [32m'expect'[39m,
    title: [32m'expect.toBeVisible'[39m,
    params: [90mundefined[39m,
    infectParentStepsWithError: [90mundefined[39m,
    boxedStack: [90mundefined[39m,
    location: {
      file: [32m'/Users/adannaveed/Desktop/FYP CODE/motionmingle/tests/e2e/workflows/google-calendar-sync.spec.ts'[39m,
      line: [33m124[39m,
      column: [33m46[39m
    },
    steps: [],
    attachmentIndices: [],
    info: TestStepInfoImpl {
      annotations: [],
      _testInfo: [36m[TestInfoImpl][39m,
      _stepId: [32m'expect@22'[39m
    },
    complete: [36m[Function: complete][39m,
    endWallTime: [33m1749474660354[39m,
    error: {
      message: [32m'Error: \x1B[2mexpect(\x1B[22m\x1B[31mlocator\x1B[39m\x1B[2m).\x1B[22mtoBeVisible\x1B[2m()\x1B[22m\n'[39m +
        [32m'\n'[39m +
        [32m"Locator: locator('h1, h2')\n"[39m +
        [32m'Expected: visible\n'[39m +
        [32m'Received: <element(s) not found>\n'[39m +
        [32m'Call log:\n'[39m +
        [32m'\x1B[2m  - expect.toBeVisible with timeout 10000ms\x1B[22m\n'[39m +
        [32m"\x1B[2m  - waiting for locator('h1, h2')\x1B[22m\n"[39m,
      stack: [32m'Error: \x1B[2mexpect(\x1B[22m\x1B[31mlocator\x1B[39m\x1B[2m).\x1B[22mtoBeVisible\x1B[2m()\x1B[22m\n'[39m +
        [32m'\n'[39m +
        [32m"Locator: locator('h1, h2')\n"[39m +
        [32m'Expected: visible\n'[39m +
        [32m'Received: <element(s) not found>\n'[39m +
        [32m'Call log:\n'[39m +
        [32m'\x1B[2m  - expect.toBeVisible with timeout 10000ms\x1B[22m\n'[39m +
        [32m"\x1B[2m  - waiting for locator('h1, h2')\x1B[22m\n"[39m +
        [32m'\n'[39m +
        [32m'    at /Users/adannaveed/Desktop/FYP CODE/motionmingle/tests/e2e/workflows/google-calendar-sync.spec.ts:124:46\n'[39m +
        [32m'    at /Users/adannaveed/Desktop/FYP CODE/motionmingle/tests/e2e/workflows/google-calendar-sync.spec.ts:121:10'[39m,
      cause: [90mundefined[39m
    }
  }
}
]]>
</system-out>
</testcase>
<testcase name="Google Calendar Integration E2E › ⚠️ Sync Conflict Resolution" classname="workflows/google-calendar-sync.spec.ts" time="0.883">
<system-out>
<![CDATA[🔐 Using existing test user: e2e-test@motionmingle.com
🔐 Login attempt 1...
Current URL: about:blank
📱 Sign-in page loaded successfully
🔄 Redirected to dashboard, waiting for content...
✅ Login successful (detected via: primary)
Final URL after login: http://localhost:8081/
⚠️ Testing sync conflict resolution...
📅 Navigating to Calendar...
✅ Calendar page loaded
📅 Creating event: Sprint Review
✅ Conflict resolution interface tested
ℹ️ Conflict resolution requires Google Calendar API setup
⚠️ Could not find create event button, trying calendar click
⚠️ Could not click on calendar: page.click: Test ended.
Call log:
[2m  - waiting for locator('.calendar, [data-testid="calendar"]')[22m

    at CalendarHelpers.createEvent [90m(/Users/adannaveed/Desktop/FYP CODE/motionmingle/[39mtests/e2e/utils/test-helpers.ts:1043:27[90m)[39m
    at [90m/Users/adannaveed/Desktop/FYP CODE/motionmingle/[39mtests/e2e/workflows/google-calendar-sync.spec.ts:144:9 {
  [[32mSymbol(step)[39m]: {
    stepId: [32m'pw:api@33'[39m,
    location: {
      file: [32m'/Users/adannaveed/Desktop/FYP CODE/motionmingle/tests/e2e/utils/test-helpers.ts'[39m,
      line: [33m1043[39m,
      column: [33m27[39m,
      function: [32m'CalendarHelpers.createEvent'[39m
    },
    category: [32m'pw:api'[39m,
    title: [32m'page.click(.calendar, [data-testid="calendar"])'[39m,
    apiName: [32m'page.click'[39m,
    params: { selector: [32m'.calendar, [data-testid="calendar"]'[39m, force: [33mtrue[39m },
    boxedStack: [90mundefined[39m,
    steps: [],
    attachmentIndices: [],
    info: TestStepInfoImpl {
      annotations: [],
      _testInfo: [36m[TestInfoImpl][39m,
      _stepId: [32m'pw:api@33'[39m
    },
    complete: [36m[Function: complete][39m,
    endWallTime: [33m1749474661238[39m,
    error: {
      message: [32m'Error: page.click: Test ended.\n'[39m +
        [32m'Call log:\n'[39m +
        [32m`\x1B[2m  - waiting for locator('.calendar, [data-testid="calendar"]')\x1B[22m\n`[39m,
      stack: [32m'Error: page.click: Test ended.\n'[39m +
        [32m'Call log:\n'[39m +
        [32m`\x1B[2m  - waiting for locator('.calendar, [data-testid="calendar"]')\x1B[22m\n`[39m +
        [32m'\n'[39m +
        [32m'    at CalendarHelpers.createEvent (/Users/adannaveed/Desktop/FYP CODE/motionmingle/tests/e2e/utils/test-helpers.ts:1043:27)\n'[39m +
        [32m'    at /Users/adannaveed/Desktop/FYP CODE/motionmingle/tests/e2e/workflows/google-calendar-sync.spec.ts:144:9'[39m,
      cause: [90mundefined[39m
    }
  }
}
✅ Event created for conflict testing
]]>
</system-out>
</testcase>
<testcase name="Google Calendar Integration E2E › 🔐 OAuth Authentication Flow" classname="workflows/google-calendar-sync.spec.ts" time="0.936">
<system-out>
<![CDATA[🔐 Using existing test user: e2e-test@motionmingle.com
🔐 Login attempt 1...
Current URL: about:blank
📱 Sign-in page loaded successfully
🔄 Redirected to dashboard, waiting for content...
✅ Login successful (detected via: primary)
Final URL after login: http://localhost:8081/
🔐 Testing Google OAuth authentication...
📅 Navigating to Calendar...
✅ Calendar page loaded
⚠️ OAuth interface test failed: ExpectError: [2mexpect([22m[31mlocator[39m[2m).[22mtoBeVisible[2m()[22m

Locator: locator('h1, h2')
Expected: visible
Received: <element(s) not found>
Call log:
[2m  - expect.toBeVisible with timeout 10000ms[22m
[2m  - waiting for locator('h1, h2')[22m

    at [90m/Users/adannaveed/Desktop/FYP CODE/motionmingle/[39mtests/e2e/workflows/google-calendar-sync.spec.ts:179:46
    at [90m/Users/adannaveed/Desktop/FYP CODE/motionmingle/[39mtests/e2e/workflows/google-calendar-sync.spec.ts:176:10 {
  matcherResult: {
    message: [32m'\x1B[2mexpect(\x1B[22m\x1B[31mlocator\x1B[39m\x1B[2m).\x1B[22mtoBeVisible\x1B[2m()\x1B[22m\n'[39m +
      [32m'\n'[39m +
      [32m"Locator: locator('h1, h2')\n"[39m +
      [32m'Expected: visible\n'[39m +
      [32m'Received: <element(s) not found>\n'[39m +
      [32m'Call log:\n'[39m +
      [32m'\x1B[2m  - expect.toBeVisible with timeout 10000ms\x1B[22m\n'[39m +
      [32m"\x1B[2m  - waiting for locator('h1, h2')\x1B[22m\n"[39m,
    pass: [33mfalse[39m,
    actual: [32m'<element(s) not found>'[39m,
    name: [32m'toBeVisible'[39m,
    expected: [32m'visible'[39m,
    log: [
      [32m'  - expect.toBeVisible with timeout 10000ms'[39m,
      [32m"  - waiting for locator('h1, h2')"[39m
    ],
    timeout: [90mundefined[39m
  },
  [[32mSymbol(step)[39m]: {
    stepId: [32m'expect@22'[39m,
    category: [32m'expect'[39m,
    title: [32m'expect.toBeVisible'[39m,
    params: [90mundefined[39m,
    infectParentStepsWithError: [90mundefined[39m,
    boxedStack: [90mundefined[39m,
    location: {
      file: [32m'/Users/adannaveed/Desktop/FYP CODE/motionmingle/tests/e2e/workflows/google-calendar-sync.spec.ts'[39m,
      line: [33m179[39m,
      column: [33m46[39m
    },
    steps: [],
    attachmentIndices: [],
    info: TestStepInfoImpl {
      annotations: [],
      _testInfo: [36m[TestInfoImpl][39m,
      _stepId: [32m'expect@22'[39m
    },
    complete: [36m[Function: complete][39m,
    endWallTime: [33m1749474662175[39m,
    error: {
      message: [32m'Error: \x1B[2mexpect(\x1B[22m\x1B[31mlocator\x1B[39m\x1B[2m).\x1B[22mtoBeVisible\x1B[2m()\x1B[22m\n'[39m +
        [32m'\n'[39m +
        [32m"Locator: locator('h1, h2')\n"[39m +
        [32m'Expected: visible\n'[39m +
        [32m'Received: <element(s) not found>\n'[39m +
        [32m'Call log:\n'[39m +
        [32m'\x1B[2m  - expect.toBeVisible with timeout 10000ms\x1B[22m\n'[39m +
        [32m"\x1B[2m  - waiting for locator('h1, h2')\x1B[22m\n"[39m,
      stack: [32m'Error: \x1B[2mexpect(\x1B[22m\x1B[31mlocator\x1B[39m\x1B[2m).\x1B[22mtoBeVisible\x1B[2m()\x1B[22m\n'[39m +
        [32m'\n'[39m +
        [32m"Locator: locator('h1, h2')\n"[39m +
        [32m'Expected: visible\n'[39m +
        [32m'Received: <element(s) not found>\n'[39m +
        [32m'Call log:\n'[39m +
        [32m'\x1B[2m  - expect.toBeVisible with timeout 10000ms\x1B[22m\n'[39m +
        [32m"\x1B[2m  - waiting for locator('h1, h2')\x1B[22m\n"[39m +
        [32m'\n'[39m +
        [32m'    at /Users/adannaveed/Desktop/FYP CODE/motionmingle/tests/e2e/workflows/google-calendar-sync.spec.ts:179:46\n'[39m +
        [32m'    at /Users/adannaveed/Desktop/FYP CODE/motionmingle/tests/e2e/workflows/google-calendar-sync.spec.ts:176:10'[39m,
      cause: [90mundefined[39m
    }
  }
}
]]>
</system-out>
</testcase>
<testcase name="Google Calendar Integration E2E › 📊 Sync Performance and Reliability" classname="workflows/google-calendar-sync.spec.ts" time="0.911">
<system-out>
<![CDATA[🔐 Using existing test user: e2e-test@motionmingle.com
🔐 Login attempt 1...
Current URL: about:blank
📱 Sign-in page loaded successfully
🔄 Redirected to dashboard, waiting for content...
✅ Login successful (detected via: primary)
Final URL after login: http://localhost:8081/
📊 Testing sync performance...
📅 Navigating to Calendar...
✅ Calendar page loaded
📅 Creating event: Performance Test Event 0
⚠️ Could not find create event button, trying calendar click
⚠️ Could not click on calendar: page.click: Test ended.
Call log:
[2m  - waiting for locator('.calendar, [data-testid="calendar"]')[22m

    at CalendarHelpers.createEvent [90m(/Users/adannaveed/Desktop/FYP CODE/motionmingle/[39mtests/e2e/utils/test-helpers.ts:1043:27[90m)[39m
    at [90m/Users/adannaveed/Desktop/FYP CODE/motionmingle/[39mtests/e2e/workflows/google-calendar-sync.spec.ts:201:11 {
  [[32mSymbol(step)[39m]: {
    stepId: [32m'pw:api@31'[39m,
    location: {
      file: [32m'/Users/adannaveed/Desktop/FYP CODE/motionmingle/tests/e2e/utils/test-helpers.ts'[39m,
      line: [33m1043[39m,
      column: [33m27[39m,
      function: [32m'CalendarHelpers.createEvent'[39m
    },
    category: [32m'pw:api'[39m,
    title: [32m'page.click(.calendar, [data-testid="calendar"])'[39m,
    apiName: [32m'page.click'[39m,
    params: { selector: [32m'.calendar, [data-testid="calendar"]'[39m, force: [33mtrue[39m },
    boxedStack: [90mundefined[39m,
    steps: [],
    attachmentIndices: [],
    info: TestStepInfoImpl {
      annotations: [],
      _testInfo: [36m[TestInfoImpl][39m,
      _stepId: [32m'pw:api@31'[39m
    },
    complete: [36m[Function: complete][39m,
    endWallTime: [33m1749474663089[39m,
    error: {
      message: [32m'Error: page.click: Test ended.\n'[39m +
        [32m'Call log:\n'[39m +
        [32m`\x1B[2m  - waiting for locator('.calendar, [data-testid="calendar"]')\x1B[22m\n`[39m,
      stack: [32m'Error: page.click: Test ended.\n'[39m +
        [32m'Call log:\n'[39m +
        [32m`\x1B[2m  - waiting for locator('.calendar, [data-testid="calendar"]')\x1B[22m\n`[39m +
        [32m'\n'[39m +
        [32m'    at CalendarHelpers.createEvent (/Users/adannaveed/Desktop/FYP CODE/motionmingle/tests/e2e/utils/test-helpers.ts:1043:27)\n'[39m +
        [32m'    at /Users/adannaveed/Desktop/FYP CODE/motionmingle/tests/e2e/workflows/google-calendar-sync.spec.ts:201:11'[39m,
      cause: [90mundefined[39m
    }
  }
}
📅 Creating event: Performance Test Event 1
⚠️ Page context closed, cannot create event
📅 Creating event: Performance Test Event 2
⚠️ Page context closed, cannot create event
📅 Creating event: Performance Test Event 3
⚠️ Page context closed, cannot create event
📅 Creating event: Performance Test Event 4
⚠️ Page context closed, cannot create event
Event creation time: 86ms
✅ Calendar performance verified
]]>
</system-out>
</testcase>
</testsuite>
<testsuite name="workflows/simple-smoke-test.spec.ts" timestamp="2025-06-09T13:09:51.167Z" hostname="chromium" tests="3" failures="0" skipped="0" time="3.064" errors="0">
<testcase name="Simple Smoke Tests › 🔥 Basic Application Smoke Test" classname="workflows/simple-smoke-test.spec.ts" time="0.982">
<system-out>
<![CDATA[🔥 Starting Basic Smoke Test...
✅ Home page loaded directly
🔐 Using existing test user: e2e-test@motionmingle.com
🔐 Login attempt 1...
Current URL: http://localhost:8081/
📱 Sign-in page loaded successfully
🔄 Redirected to dashboard, waiting for content...
✅ Login successful (detected via: primary)
Final URL after login: http://localhost:8081/
✅ Login successful
✅ Dashboard verified
✅ Tasks page navigation successful
✅ Tasks page content verified
🎉 Basic Smoke Test Completed Successfully!
]]>
</system-out>
</testcase>
<testcase name="Simple Smoke Tests › 🔐 Authentication Flow Test" classname="workflows/simple-smoke-test.spec.ts" time="0.786">
<system-out>
<![CDATA[🔐 Starting Authentication Flow Test...
✅ Login page loaded successfully
🔐 Using existing test user: e2e-test@motionmingle.com
🔐 Login attempt 1...
Current URL: http://localhost:8081/auth/signin
📱 Sign-in page loaded successfully
🔄 Redirected to dashboard, waiting for content...
✅ Login successful (detected via: primary)
Final URL after login: http://localhost:8081/
✅ Login process completed
✅ Successfully redirected to dashboard
🎉 Authentication Flow Test Completed Successfully!
]]>
</system-out>
</testcase>
<testcase name="Simple Smoke Tests › 📱 Page Responsiveness Test" classname="workflows/simple-smoke-test.spec.ts" time="1.296">
<system-out>
<![CDATA[📱 Starting Page Responsiveness Test...
🔐 Using existing test user: e2e-test@motionmingle.com
🔐 Login attempt 1...
Current URL: about:blank
📱 Sign-in page loaded successfully
🔄 Redirected to dashboard, waiting for content...
✅ Login successful (detected via: primary)
Final URL after login: http://localhost:8081/
✅ / loaded successfully
✅ / content verified
✅ /tasks loaded successfully
✅ /tasks content verified
✅ /calendar loaded successfully
✅ /calendar content verified
✅ /projects loaded successfully
✅ /projects content verified
🎉 Page Responsiveness Test Completed!
]]>
</system-out>
</testcase>
</testsuite>
</testsuites>